TN:
SF:index.ts
FNF:0
FNH:0
LF:0
LH:0
BRF:0
BRH:0
end_of_record
TN:
SF:jest.config.js
FNF:0
FNH:0
DA:1,0
LF:1
LH:0
BRF:0
BRH:0
end_of_record
TN:
SF:metro.config.js
FN:21,(anonymous_0)
FN:35,(anonymous_1)
FN:36,(anonymous_2)
FN:51,(anonymous_3)
FNF:4
FNH:0
FNDA:0,(anonymous_0)
FNDA:0,(anonymous_1)
FNDA:0,(anonymous_2)
FNDA:0,(anonymous_3)
DA:1,0
DA:2,0
DA:4,0
DA:7,0
DA:15,0
DA:21,0
DA:23,0
DA:25,0
DA:29,0
DA:33,0
DA:36,0
DA:38,0
DA:39,0
DA:42,0
DA:43,0
DA:45,0
DA:51,0
DA:58,0
LF:18
LH:0
BRDA:16,0,0,0
BRDA:16,0,1,0
BRDA:23,1,0,0
BRDA:23,1,1,0
BRDA:23,2,0,0
BRDA:23,2,1,0
BRDA:38,3,0,0
BRDA:38,3,1,0
BRDA:38,4,0,0
BRDA:38,4,1,0
BRDA:38,4,2,0
BRDA:38,4,3,0
BRDA:42,5,0,0
BRDA:42,5,1,0
BRDA:42,6,0,0
BRDA:42,6,1,0
BRDA:42,6,2,0
BRDA:42,6,3,0
BRF:18
BRH:0
end_of_record
TN:
SF:test-firestore-security.js
FN:50,logTest
FN:62,setupTestData
FN:114,runTests
FN:262,(anonymous_3)
FN:262,(anonymous_4)
FN:271,main
FNF:6
FNH:0
FNDA:0,logTest
FNDA:0,setupTestData
FNDA:0,runTests
FNDA:0,(anonymous_3)
FNDA:0,(anonymous_4)
FNDA:0,main
DA:6,0
DA:7,0
DA:8,0
DA:9,0
DA:12,0
DA:22,0
DA:23,0
DA:28,0
DA:35,0
DA:44,0
DA:51,0
DA:52,0
DA:53,0
DA:54,0
DA:56,0
DA:57,0
DA:58,0
DA:63,0
DA:66,0
DA:67,0
DA:73,0
DA:77,0
DA:80,0
DA:83,0
DA:87,0
DA:90,0
DA:94,0
DA:97,0
DA:101,0
DA:104,0
DA:108,0
DA:110,0
DA:115,0
DA:117,0
DA:119,0
DA:127,0
DA:130,0
DA:132,0
DA:133,0
DA:136,0
DA:137,0
DA:139,0
DA:144,0
DA:146,0
DA:147,0
DA:150,0
DA:151,0
DA:154,0
DA:156,0
DA:157,0
DA:160,0
DA:161,0
DA:163,0
DA:164,0
DA:167,0
DA:168,0
DA:171,0
DA:172,0
DA:175,0
DA:177,0
DA:178,0
DA:181,0
DA:182,0
DA:184,0
DA:185,0
DA:188,0
DA:191,0
DA:192,0
DA:195,0
DA:196,0
DA:199,0
DA:202,0
DA:207,0
DA:209,0
DA:211,0
DA:216,0
DA:218,0
DA:223,0
DA:226,0
DA:230,0
DA:232,0
DA:236,0
DA:238,0
DA:242,0
DA:245,0
DA:246,0
DA:249,0
DA:250,0
DA:255,0
DA:256,0
DA:257,0
DA:258,0
DA:260,0
DA:261,0
DA:262,0
DA:263,0
DA:267,0
DA:272,0
DA:273,0
DA:276,0
DA:279,0
DA:280,0
DA:284,0
LF:103
LH:0
BRDA:13,0,0,0
BRDA:13,0,1,0
BRDA:14,1,0,0
BRDA:14,1,1,0
BRDA:15,2,0,0
BRDA:15,2,1,0
BRDA:16,3,0,0
BRDA:16,3,1,0
BRDA:17,4,0,0
BRDA:17,4,1,0
BRDA:18,5,0,0
BRDA:18,5,1,0
BRDA:50,6,0,0
BRDA:51,7,0,0
BRDA:51,7,1,0
BRDA:53,8,0,0
BRDA:53,8,1,0
BRDA:57,9,0,0
BRDA:57,9,1,0
BRDA:249,10,0,0
BRDA:249,10,1,0
BRDA:260,11,0,0
BRDA:260,11,1,0
BRDA:267,12,0,0
BRDA:267,12,1,0
BRF:25
BRH:0
end_of_record
TN:
SF:test-topo-permission.js
FN:22,testTopoPermission
FNF:1
FNH:0
FNDA:0,testTopoPermission
DA:11,0
DA:23,0
DA:25,0
DA:27,0
DA:28,0
DA:29,0
DA:31,0
DA:34,0
DA:35,0
DA:38,0
DA:39,0
DA:42,0
DA:43,0
DA:44,0
DA:45,0
DA:48,0
DA:49,0
DA:50,0
DA:51,0
DA:54,0
DA:55,0
DA:56,0
DA:58,0
DA:59,0
DA:60,0
DA:61,0
DA:62,0
DA:64,0
DA:68,0
DA:69,0
DA:71,0
DA:72,0
DA:78,0
LF:33
LH:0
BRDA:58,0,0,0
BRDA:58,0,1,0
BRDA:58,1,0,0
BRDA:58,1,1,0
BRDA:71,2,0,0
BRDA:71,2,1,0
BRF:6
BRH:0
end_of_record
TN:
SF:app\_layout.tsx
FN:20,NotificationsBootstrapper
FN:21,(anonymous_1)
FN:22,(anonymous_2)
FN:26,(anonymous_3)
FN:36,InventoryCheckBootstrapper
FN:37,(anonymous_5)
FN:38,(anonymous_6)
FN:39,(anonymous_7)
FN:43,(anonymous_8)
FN:44,(anonymous_9)
FN:48,(anonymous_10)
FN:54,(anonymous_11)
FN:55,(anonymous_12)
FN:83,(anonymous_13)
FN:84,(anonymous_14)
FN:116,RootLayout
FNF:16
FNH:0
FNDA:0,NotificationsBootstrapper
FNDA:0,(anonymous_1)
FNDA:0,(anonymous_2)
FNDA:0,(anonymous_3)
FNDA:0,InventoryCheckBootstrapper
FNDA:0,(anonymous_5)
FNDA:0,(anonymous_6)
FNDA:0,(anonymous_7)
FNDA:0,(anonymous_8)
FNDA:0,(anonymous_9)
FNDA:0,(anonymous_10)
FNDA:0,(anonymous_11)
FNDA:0,(anonymous_12)
FNDA:0,(anonymous_13)
FNDA:0,(anonymous_14)
FNDA:0,RootLayout
DA:21,0
DA:22,0
DA:24,0
DA:26,0
DA:27,0
DA:29,0
DA:33,0
DA:37,0
DA:38,0
DA:39,0
DA:40,0
DA:41,0
DA:43,0
DA:44,0
DA:45,0
DA:48,0
DA:49,0
DA:54,0
DA:55,0
DA:56,0
DA:57,0
DA:60,0
DA:61,0
DA:63,0
DA:65,0
DA:66,0
DA:67,0
DA:68,0
DA:70,0
DA:73,0
DA:75,0
DA:79,0
DA:83,0
DA:84,0
DA:86,0
DA:92,0
DA:93,0
DA:95,0
DA:97,0
DA:98,0
DA:99,0
DA:100,0
DA:102,0
DA:105,0
DA:110,0
DA:113,0
DA:118,0
DA:119,0
DA:122,0
LF:49
LH:0
BRDA:27,0,0,0
BRDA:27,0,1,0
BRDA:27,1,0,0
BRDA:27,1,1,0
BRDA:27,1,2,0
BRDA:56,2,0,0
BRDA:56,2,1,0
BRDA:56,3,0,0
BRDA:56,3,1,0
BRDA:56,3,2,0
BRDA:56,3,3,0
BRDA:65,4,0,0
BRDA:65,4,1,0
BRDA:86,5,0,0
BRDA:86,5,1,0
BRDA:87,6,0,0
BRDA:87,6,1,0
BRDA:87,6,2,0
BRDA:87,6,3,0
BRDA:97,7,0,0
BRDA:97,7,1,0
BRDA:118,8,0,0
BRDA:118,8,1,0
BRF:23
BRH:0
end_of_record
TN:
SF:app\index.tsx
FN:44,(anonymous_0)
FN:49,(anonymous_1)
FN:53,(anonymous_2)
FN:57,(anonymous_3)
FN:61,(anonymous_4)
FN:89,(anonymous_5)
FN:102,(anonymous_6)
FN:167,(anonymous_7)
FN:186,(anonymous_8)
FN:213,(anonymous_9)
FN:283,WelcomeScreen
FN:286,(anonymous_11)
FN:297,(anonymous_12)
FN:323,(anonymous_13)
FN:324,(anonymous_14)
FN:335,(anonymous_15)
FN:345,(anonymous_16)
FN:350,(anonymous_17)
FN:355,(anonymous_18)
FN:359,(anonymous_19)
FNF:20
FNH:0
FNDA:0,(anonymous_0)
FNDA:0,(anonymous_1)
FNDA:0,(anonymous_2)
FNDA:0,(anonymous_3)
FNDA:0,(anonymous_4)
FNDA:0,(anonymous_5)
FNDA:0,(anonymous_6)
FNDA:0,(anonymous_7)
FNDA:0,(anonymous_8)
FNDA:0,(anonymous_9)
FNDA:0,WelcomeScreen
FNDA:0,(anonymous_11)
FNDA:0,(anonymous_12)
FNDA:0,(anonymous_13)
FNDA:0,(anonymous_14)
FNDA:0,(anonymous_15)
FNDA:0,(anonymous_16)
FNDA:0,(anonymous_17)
FNDA:0,(anonymous_18)
FNDA:0,(anonymous_19)
DA:30,0
DA:31,0
DA:34,0
DA:45,0
DA:46,0
DA:50,0
DA:54,0
DA:57,0
DA:58,0
DA:62,0
DA:63,0
DA:77,0
DA:89,0
DA:90,0
DA:102,0
DA:104,0
DA:167,0
DA:184,0
DA:186,0
DA:213,0
DA:222,0
DA:284,0
DA:285,0
DA:286,0
DA:287,0
DA:288,0
DA:291,0
DA:292,0
DA:295,0
DA:297,0
DA:298,0
DA:299,0
DA:300,0
DA:304,0
DA:307,0
DA:323,0
DA:324,0
DA:325,0
DA:326,0
DA:327,0
DA:328,0
DA:329,0
DA:331,0
DA:332,0
DA:335,0
DA:337,0
DA:342,0
DA:345,0
DA:346,0
DA:347,0
DA:350,0
DA:351,0
DA:352,0
DA:355,0
DA:356,0
DA:359,0
DA:360,0
DA:363,0
DA:364,0
DA:377,0
DA:417,0
LF:61
LH:0
BRDA:30,0,0,0
BRDA:30,0,1,0
BRDA:30,1,0,0
BRDA:30,1,1,0
BRDA:62,2,0,0
BRDA:62,2,1,0
BRDA:299,3,0,0
BRDA:299,3,1,0
BRDA:325,4,0,0
BRDA:325,4,1,0
BRDA:325,5,0,0
BRDA:325,5,1,0
BRDA:325,5,2,0
BRDA:325,5,3,0
BRDA:363,6,0,0
BRDA:363,6,1,0
BRDA:363,7,0,0
BRDA:363,7,1,0
BRDA:363,7,2,0
BRDA:401,8,0,0
BRDA:401,8,1,0
BRF:21
BRH:0
end_of_record
TN:
SF:app\auth\login.tsx
FN:18,LoginScreen
FN:29,(anonymous_1)
FN:31,(anonymous_2)
FN:48,(anonymous_3)
FN:49,(anonymous_4)
FN:66,(anonymous_5)
FN:104,(anonymous_6)
FN:118,(anonymous_7)
FN:122,(anonymous_8)
FN:253,(anonymous_9)
FNF:10
FNH:0
FNDA:0,LoginScreen
FNDA:0,(anonymous_1)
FNDA:0,(anonymous_2)
FNDA:0,(anonymous_3)
FNDA:0,(anonymous_4)
FNDA:0,(anonymous_5)
FNDA:0,(anonymous_6)
FNDA:0,(anonymous_7)
FNDA:0,(anonymous_8)
FNDA:0,(anonymous_9)
DA:16,0
DA:19,0
DA:20,0
DA:21,0
DA:24,0
DA:25,0
DA:27,0
DA:28,0
DA:29,0
DA:31,0
DA:33,0
DA:48,0
DA:49,0
DA:50,0
DA:51,0
DA:52,0
DA:53,0
DA:54,0
DA:56,0
DA:57,0
DA:58,0
DA:63,0
DA:66,0
DA:67,0
DA:68,0
DA:69,0
DA:71,0
DA:73,0
DA:74,0
DA:75,0
DA:76,0
DA:77,0
DA:79,0
DA:81,0
DA:84,0
DA:85,0
DA:86,0
DA:87,0
DA:88,0
DA:90,0
DA:91,0
DA:92,0
DA:93,0
DA:94,0
DA:95,0
DA:96,0
DA:97,0
DA:98,0
DA:100,0
DA:104,0
DA:105,0
DA:106,0
DA:107,0
DA:108,0
DA:109,0
DA:110,0
DA:112,0
DA:113,0
DA:114,0
DA:118,0
DA:119,0
DA:122,0
DA:123,0
DA:124,0
DA:125,0
DA:126,0
DA:128,0
DA:131,0
DA:132,0
DA:144,0
DA:253,0
DA:264,0
LF:72
LH:0
BRDA:50,0,0,0
BRDA:50,0,1,0
BRDA:50,1,0,0
BRDA:50,1,1,0
BRDA:50,1,2,0
BRDA:57,2,0,0
BRDA:57,2,1,0
BRDA:67,3,0,0
BRDA:67,3,1,0
BRDA:67,4,0,0
BRDA:67,4,1,0
BRDA:71,5,0,0
BRDA:71,5,1,0
BRDA:71,6,0,0
BRDA:71,6,1,0
BRDA:73,7,0,0
BRDA:73,7,1,0
BRDA:73,8,0,0
BRDA:73,8,1,0
BRDA:91,9,0,0
BRDA:91,9,1,0
BRDA:91,10,0,0
BRDA:91,10,1,0
BRDA:93,11,0,0
BRDA:93,11,1,0
BRDA:93,12,0,0
BRDA:93,12,1,0
BRDA:95,13,0,0
BRDA:95,13,1,0
BRDA:97,14,0,0
BRDA:97,14,1,0
BRDA:105,15,0,0
BRDA:105,15,1,0
BRDA:105,16,0,0
BRDA:105,16,1,0
BRDA:113,17,0,0
BRDA:113,17,1,0
BRDA:113,18,0,0
BRDA:113,18,1,0
BRDA:126,19,0,0
BRDA:126,19,1,0
BRDA:131,20,0,0
BRDA:131,20,1,0
BRDA:155,21,0,0
BRDA:155,21,1,0
BRDA:172,22,0,0
BRDA:172,22,1,0
BRDA:172,22,2,0
BRDA:175,23,0,0
BRDA:175,23,1,0
BRDA:217,24,0,0
BRDA:217,24,1,0
BRDA:222,25,0,0
BRDA:222,25,1,0
BRDA:222,26,0,0
BRDA:222,26,1,0
BRDA:233,27,0,0
BRDA:233,27,1,0
BRF:58
BRH:0
end_of_record
TN:
SF:app\auth\signup.tsx
FN:17,SignupScreen
FN:31,(anonymous_1)
FN:34,(anonymous_2)
FN:55,(anonymous_3)
FN:56,(anonymous_4)
FN:73,(anonymous_5)
FN:107,(anonymous_6)
FN:118,(anonymous_7)
FN:122,(anonymous_8)
FN:191,(anonymous_9)
FN:215,(anonymous_10)
FN:321,(anonymous_11)
FNF:12
FNH:0
FNDA:0,SignupScreen
FNDA:0,(anonymous_1)
FNDA:0,(anonymous_2)
FNDA:0,(anonymous_3)
FNDA:0,(anonymous_4)
FNDA:0,(anonymous_5)
FNDA:0,(anonymous_6)
FNDA:0,(anonymous_7)
FNDA:0,(anonymous_8)
FNDA:0,(anonymous_9)
FNDA:0,(anonymous_10)
FNDA:0,(anonymous_11)
DA:15,0
DA:18,0
DA:19,0
DA:20,0
DA:21,0
DA:22,0
DA:23,0
DA:26,0
DA:27,0
DA:29,0
DA:30,0
DA:31,0
DA:32,0
DA:34,0
DA:35,0
DA:36,0
DA:40,0
DA:55,0
DA:56,0
DA:57,0
DA:58,0
DA:59,0
DA:60,0
DA:61,0
DA:63,0
DA:64,0
DA:65,0
DA:70,0
DA:73,0
DA:74,0
DA:75,0
DA:76,0
DA:78,0
DA:79,0
DA:80,0
DA:82,0
DA:83,0
DA:84,0
DA:86,0
DA:88,0
DA:89,0
DA:90,0
DA:91,0
DA:92,0
DA:94,0
DA:96,0
DA:99,0
DA:100,0
DA:101,0
DA:102,0
DA:104,0
DA:108,0
DA:113,0
DA:114,0
DA:118,0
DA:119,0
DA:122,0
DA:123,0
DA:124,0
DA:125,0
DA:126,0
DA:127,0
DA:128,0
DA:130,0
DA:131,0
DA:132,0
DA:136,0
DA:137,0
DA:149,0
DA:191,0
DA:215,0
DA:321,0
DA:332,0
LF:73
LH:0
BRDA:35,0,0,0
BRDA:35,0,1,0
BRDA:35,1,0,0
BRDA:35,1,1,0
BRDA:35,1,2,0
BRDA:57,2,0,0
BRDA:57,2,1,0
BRDA:57,3,0,0
BRDA:57,3,1,0
BRDA:57,3,2,0
BRDA:64,4,0,0
BRDA:64,4,1,0
BRDA:74,5,0,0
BRDA:74,5,1,0
BRDA:74,6,0,0
BRDA:74,6,1,0
BRDA:74,6,2,0
BRDA:74,6,3,0
BRDA:78,7,0,0
BRDA:78,7,1,0
BRDA:82,8,0,0
BRDA:82,8,1,0
BRDA:86,9,0,0
BRDA:86,9,1,0
BRDA:86,10,0,0
BRDA:86,10,1,0
BRDA:88,11,0,0
BRDA:88,11,1,0
BRDA:88,12,0,0
BRDA:88,12,1,0
BRDA:123,13,0,0
BRDA:123,13,1,0
BRDA:123,14,0,0
BRDA:123,14,1,0
BRDA:131,15,0,0
BRDA:131,15,1,0
BRDA:131,16,0,0
BRDA:131,16,1,0
BRDA:136,17,0,0
BRDA:136,17,1,0
BRDA:160,18,0,0
BRDA:160,18,1,0
BRDA:194,19,0,0
BRDA:194,19,1,0
BRDA:200,20,0,0
BRDA:200,20,1,0
BRDA:205,21,0,0
BRDA:205,21,1,0
BRDA:210,22,0,0
BRDA:210,22,1,0
BRDA:218,23,0,0
BRDA:218,23,1,0
BRDA:224,24,0,0
BRDA:224,24,1,0
BRDA:229,25,0,0
BRDA:229,25,1,0
BRDA:234,26,0,0
BRDA:234,26,1,0
BRDA:285,27,0,0
BRDA:285,27,1,0
BRDA:290,28,0,0
BRDA:290,28,1,0
BRDA:290,29,0,0
BRDA:290,29,1,0
BRDA:301,30,0,0
BRDA:301,30,1,0
BRF:66
BRH:0
end_of_record
TN:
SF:app\caregiver\_layout.tsx
FN:22,(anonymous_0)
FN:24,CaregiverLayout
FN:29,(anonymous_2)
FN:53,(anonymous_3)
FN:56,(anonymous_4)
FN:63,(anonymous_5)
FN:68,(anonymous_6)
FN:74,(anonymous_7)
FN:98,(anonymous_8)
FN:104,(anonymous_9)
FN:132,(anonymous_10)
FN:146,(anonymous_11)
FN:161,(anonymous_12)
FN:176,(anonymous_13)
FN:191,(anonymous_14)
FN:206,(anonymous_15)
FNF:16
FNH:0
FNDA:0,(anonymous_0)
FNDA:0,CaregiverLayout
FNDA:0,(anonymous_2)
FNDA:0,(anonymous_3)
FNDA:0,(anonymous_4)
FNDA:0,(anonymous_5)
FNDA:0,(anonymous_6)
FNDA:0,(anonymous_7)
FNDA:0,(anonymous_8)
FNDA:0,(anonymous_9)
FNDA:0,(anonymous_10)
FNDA:0,(anonymous_11)
FNDA:0,(anonymous_12)
FNDA:0,(anonymous_13)
FNDA:0,(anonymous_14)
FNDA:0,(anonymous_15)
DA:15,0
DA:22,0
DA:25,0
DA:26,0
DA:27,0
DA:28,0
DA:29,0
DA:32,0
DA:39,0
DA:40,0
DA:41,0
DA:42,0
DA:43,0
DA:44,0
DA:46,0
DA:53,0
DA:56,0
DA:57,0
DA:58,0
DA:59,0
DA:63,0
DA:68,0
DA:69,0
DA:70,0
DA:74,0
DA:76,0
DA:77,0
DA:79,0
DA:80,0
DA:83,0
DA:94,0
DA:98,0
DA:99,0
DA:101,0
DA:102,0
DA:104,0
DA:108,0
DA:109,0
DA:116,0
DA:132,0
DA:147,0
DA:162,0
DA:177,0
DA:192,0
DA:207,0
DA:231,0
LF:46
LH:0
BRDA:40,0,0,0
BRDA:40,0,1,0
BRDA:57,1,0,0
BRDA:57,1,1,0
BRDA:57,2,0,0
BRDA:57,2,1,0
BRDA:76,3,0,0
BRDA:76,3,1,0
BRDA:76,4,0,0
BRDA:76,4,1,0
BRDA:79,5,0,0
BRDA:79,5,1,0
BRDA:79,6,0,0
BRDA:79,6,1,0
BRDA:94,7,0,0
BRDA:94,7,1,0
BRDA:101,8,0,0
BRDA:101,8,1,0
BRDA:101,9,0,0
BRDA:101,9,1,0
BRDA:108,10,0,0
BRDA:108,10,1,0
BRDA:120,11,0,0
BRDA:120,11,1,0
BRDA:120,11,2,0
BRDA:124,12,0,0
BRDA:124,12,1,0
BRDA:147,13,0,0
BRDA:147,13,1,0
BRDA:149,14,0,0
BRDA:149,14,1,0
BRDA:162,15,0,0
BRDA:162,15,1,0
BRDA:164,16,0,0
BRDA:164,16,1,0
BRDA:177,17,0,0
BRDA:177,17,1,0
BRDA:179,18,0,0
BRDA:179,18,1,0
BRDA:192,19,0,0
BRDA:192,19,1,0
BRDA:194,20,0,0
BRDA:194,20,1,0
BRDA:207,21,0,0
BRDA:207,21,1,0
BRDA:209,22,0,0
BRDA:209,22,1,0
BRF:47
BRH:0
end_of_record
TN:
SF:app\caregiver\add-device.tsx
FN:19,DeviceManagementScreen
FN:21,(anonymous_1)
FN:27,(anonymous_2)
FN:48,(anonymous_3)
FN:68,(anonymous_4)
FN:92,(anonymous_5)
FN:93,(anonymous_6)
FN:105,(anonymous_7)
FN:113,(anonymous_8)
FN:144,(anonymous_9)
FN:149,(anonymous_10)
FN:174,(anonymous_11)
FN:191,(anonymous_12)
FN:213,(anonymous_13)
FN:246,(anonymous_14)
FN:255,(anonymous_15)
FN:283,(anonymous_16)
FN:326,(anonymous_17)
FN:337,(anonymous_18)
FN:409,(anonymous_19)
FN:417,(anonymous_20)
FN:418,(anonymous_21)
FNF:22
FNH:0
FNDA:0,DeviceManagementScreen
FNDA:0,(anonymous_1)
FNDA:0,(anonymous_2)
FNDA:0,(anonymous_3)
FNDA:0,(anonymous_4)
FNDA:0,(anonymous_5)
FNDA:0,(anonymous_6)
FNDA:0,(anonymous_7)
FNDA:0,(anonymous_8)
FNDA:0,(anonymous_9)
FNDA:0,(anonymous_10)
FNDA:0,(anonymous_11)
FNDA:0,(anonymous_12)
FNDA:0,(anonymous_13)
FNDA:0,(anonymous_14)
FNDA:0,(anonymous_15)
FNDA:0,(anonymous_16)
FNDA:0,(anonymous_17)
FNDA:0,(anonymous_18)
FNDA:0,(anonymous_19)
FNDA:0,(anonymous_20)
FNDA:0,(anonymous_21)
DA:20,0
DA:21,0
DA:24,0
DA:27,0
DA:28,0
DA:29,0
DA:33,0
DA:34,0
DA:35,0
DA:36,0
DA:37,0
DA:40,0
DA:48,0
DA:49,0
DA:50,0
DA:51,0
DA:55,0
DA:69,0
DA:70,0
DA:71,0
DA:73,0
DA:74,0
DA:75,0
DA:78,0
DA:80,0
DA:81,0
DA:83,0
DA:92,0
DA:93,0
DA:94,0
DA:95,0
DA:96,0
DA:98,0
DA:100,0
DA:105,0
DA:113,0
DA:114,0
DA:115,0
DA:117,0
DA:118,0
DA:119,0
DA:120,0
DA:124,0
DA:130,0
DA:139,0
DA:141,0
DA:142,0
DA:144,0
DA:149,0
DA:150,0
DA:151,0
DA:153,0
DA:154,0
DA:155,0
DA:157,0
DA:174,0
DA:191,0
DA:213,0
DA:223,0
DA:246,0
DA:255,0
DA:283,0
DA:326,0
DA:337,0
DA:338,0
DA:340,0
DA:341,0
DA:348,0
DA:349,0
DA:350,0
DA:352,0
DA:409,0
DA:410,0
DA:415,0
DA:417,0
DA:418,0
DA:419,0
DA:420,0
DA:421,0
DA:423,0
DA:424,0
DA:425,0
DA:426,0
DA:428,0
DA:439,0
DA:447,0
DA:448,0
DA:450,0
DA:453,0
DA:459,0
DA:463,0
DA:466,0
DA:467,0
DA:470,0
DA:482,0
LF:95
LH:0
BRDA:41,0,0,0
BRDA:41,0,1,0
BRDA:49,1,0,0
BRDA:49,1,1,0
BRDA:57,2,0,0
BRDA:57,2,1,0
BRDA:81,3,0,0
BRDA:81,3,1,0
BRDA:81,3,2,0
BRDA:95,4,0,0
BRDA:95,4,1,0
BRDA:119,5,0,0
BRDA:119,5,1,0
BRDA:142,6,0,0
BRDA:142,6,1,0
BRDA:154,7,0,0
BRDA:154,7,1,0
BRDA:164,8,0,0
BRDA:164,8,1,0
BRDA:179,9,0,0
BRDA:179,9,1,0
BRDA:192,10,0,0
BRDA:192,10,1,0
BRDA:193,11,0,0
BRDA:193,11,1,0
BRDA:198,12,0,0
BRDA:198,12,1,0
BRDA:204,13,0,0
BRDA:204,13,1,0
BRDA:242,14,0,0
BRDA:242,14,1,0
BRDA:251,15,0,0
BRDA:251,15,1,0
BRDA:261,16,0,0
BRDA:261,16,1,0
BRDA:303,17,0,0
BRDA:303,17,1,0
BRDA:308,18,0,0
BRDA:308,18,1,0
BRDA:340,19,0,0
BRDA:340,19,1,0
BRDA:348,20,0,0
BRDA:348,20,1,0
BRDA:349,21,0,0
BRDA:349,21,1,0
BRDA:350,22,0,0
BRDA:350,22,1,0
BRDA:356,23,0,0
BRDA:356,23,1,0
BRDA:356,24,0,0
BRDA:356,24,1,0
BRDA:363,25,0,0
BRDA:363,25,1,0
BRDA:365,26,0,0
BRDA:365,26,1,0
BRDA:370,27,0,0
BRDA:370,27,1,0
BRDA:371,28,0,0
BRDA:371,28,1,0
BRDA:380,29,0,0
BRDA:380,29,1,0
BRDA:380,30,0,0
BRDA:380,30,1,0
BRDA:386,31,0,0
BRDA:386,31,1,0
BRDA:421,32,0,0
BRDA:421,32,1,0
BRDA:424,33,0,0
BRDA:424,33,1,0
BRDA:426,34,0,0
BRDA:426,34,1,0
BRDA:429,35,0,0
BRDA:429,35,1,0
BRDA:430,36,0,0
BRDA:430,36,1,0
BRDA:432,37,0,0
BRDA:432,37,1,0
BRDA:433,38,0,0
BRDA:433,38,1,0
BRDA:434,39,0,0
BRDA:434,39,1,0
BRDA:447,40,0,0
BRDA:447,40,1,0
BRDA:466,41,0,0
BRDA:466,41,1,0
BRDA:466,42,0,0
BRDA:466,42,1,0
BRF:87
BRH:0
end_of_record
TN:
SF:app\caregiver\dashboard.tsx
FN:45,CaregiverDashboardContent
FN:48,(anonymous_1)
FN:78,(anonymous_2)
FN:79,(anonymous_3)
FN:95,(anonymous_4)
FN:96,(anonymous_5)
FN:100,(anonymous_6)
FN:101,(anonymous_7)
FN:118,(anonymous_8)
FN:119,(anonymous_9)
FN:133,(anonymous_10)
FN:134,(anonymous_11)
FN:152,(anonymous_12)
FN:153,(anonymous_13)
FN:173,(anonymous_14)
FN:182,(anonymous_15)
FN:186,(anonymous_16)
FN:192,(anonymous_17)
FN:204,(anonymous_18)
FN:206,(anonymous_19)
FN:210,(anonymous_20)
FN:215,(anonymous_21)
FN:219,(anonymous_22)
FN:238,(anonymous_23)
FN:244,(anonymous_24)
FN:255,(anonymous_25)
FN:261,(anonymous_26)
FN:267,(anonymous_27)
FN:272,(anonymous_28)
FN:309,(anonymous_29)
FN:353,(anonymous_30)
FN:374,(anonymous_31)
FN:376,(anonymous_32)
FN:424,(anonymous_33)
FN:446,(anonymous_34)
FN:452,(anonymous_35)
FN:464,(anonymous_36)
FN:481,AutonomousModeBannerWrapper
FN:494,EmptyState
FN:514,QuickActionButton
FN:529,CaregiverDashboard
FNF:41
FNH:0
FNDA:0,CaregiverDashboardContent
FNDA:0,(anonymous_1)
FNDA:0,(anonymous_2)
FNDA:0,(anonymous_3)
FNDA:0,(anonymous_4)
FNDA:0,(anonymous_5)
FNDA:0,(anonymous_6)
FNDA:0,(anonymous_7)
FNDA:0,(anonymous_8)
FNDA:0,(anonymous_9)
FNDA:0,(anonymous_10)
FNDA:0,(anonymous_11)
FNDA:0,(anonymous_12)
FNDA:0,(anonymous_13)
FNDA:0,(anonymous_14)
FNDA:0,(anonymous_15)
FNDA:0,(anonymous_16)
FNDA:0,(anonymous_17)
FNDA:0,(anonymous_18)
FNDA:0,(anonymous_19)
FNDA:0,(anonymous_20)
FNDA:0,(anonymous_21)
FNDA:0,(anonymous_22)
FNDA:0,(anonymous_23)
FNDA:0,(anonymous_24)
FNDA:0,(anonymous_25)
FNDA:0,(anonymous_26)
FNDA:0,(anonymous_27)
FNDA:0,(anonymous_28)
FNDA:0,(anonymous_29)
FNDA:0,(anonymous_30)
FNDA:0,(anonymous_31)
FNDA:0,(anonymous_32)
FNDA:0,(anonymous_33)
FNDA:0,(anonymous_34)
FNDA:0,(anonymous_35)
FNDA:0,(anonymous_36)
FNDA:0,AutonomousModeBannerWrapper
FNDA:0,EmptyState
FNDA:0,QuickActionButton
FNDA:0,CaregiverDashboard
DA:43,0
DA:46,0
DA:47,0
DA:48,0
DA:51,0
DA:54,0
DA:55,0
DA:56,0
DA:57,0
DA:58,0
DA:59,0
DA:62,0
DA:63,0
DA:66,0
DA:69,0
DA:75,0
DA:78,0
DA:79,0
DA:80,0
DA:81,0
DA:82,0
DA:83,0
DA:84,0
DA:85,0
DA:91,0
DA:95,0
DA:96,0
DA:97,0
DA:98,0
DA:99,0
DA:100,0
DA:101,0
DA:103,0
DA:104,0
DA:106,0
DA:107,0
DA:108,0
DA:109,0
DA:110,0
DA:114,0
DA:118,0
DA:119,0
DA:120,0
DA:121,0
DA:122,0
DA:123,0
DA:129,0
DA:133,0
DA:134,0
DA:135,0
DA:136,0
DA:146,0
DA:152,0
DA:153,0
DA:154,0
DA:155,0
DA:156,0
DA:160,0
DA:161,0
DA:163,0
DA:169,0
DA:173,0
DA:174,0
DA:175,0
DA:176,0
DA:178,0
DA:182,0
DA:183,0
DA:184,0
DA:185,0
DA:186,0
DA:191,0
DA:192,0
DA:193,0
DA:194,0
DA:195,0
DA:204,0
DA:205,0
DA:206,0
DA:210,0
DA:211,0
DA:213,0
DA:215,0
DA:218,0
DA:219,0
DA:225,0
DA:231,0
DA:238,0
DA:239,0
DA:241,0
DA:244,0
DA:246,0
DA:247,0
DA:255,0
DA:256,0
DA:261,0
DA:262,0
DA:267,0
DA:268,0
DA:272,0
DA:273,0
DA:275,0
DA:276,0
DA:283,0
DA:284,0
DA:285,0
DA:286,0
DA:300,0
DA:307,0
DA:309,0
DA:310,0
DA:311,0
DA:312,0
DA:314,0
DA:318,0
DA:353,0
DA:375,0
DA:376,0
DA:377,0
DA:378,0
DA:424,0
DA:446,0
DA:452,0
DA:464,0
DA:482,0
DA:483,0
DA:484,0
DA:495,0
DA:515,0
DA:530,0
DA:537,0
LF:131
LH:0
BRDA:75,0,0,0
BRDA:75,0,1,0
BRDA:75,0,2,0
BRDA:80,1,0,0
BRDA:80,1,1,0
BRDA:83,2,0,0
BRDA:83,2,1,0
BRDA:109,3,0,0
BRDA:109,3,1,0
BRDA:122,4,0,0
BRDA:122,4,1,0
BRDA:148,5,0,0
BRDA:148,5,1,0
BRDA:148,5,2,0
BRDA:154,6,0,0
BRDA:154,6,1,0
BRDA:154,7,0,0
BRDA:154,7,1,0
BRDA:174,8,0,0
BRDA:174,8,1,0
BRDA:175,9,0,0
BRDA:175,9,1,0
BRDA:175,10,0,0
BRDA:175,10,1,0
BRDA:175,10,2,0
BRDA:175,10,3,0
BRDA:183,11,0,0
BRDA:183,11,1,0
BRDA:183,12,0,0
BRDA:183,12,1,0
BRDA:193,13,0,0
BRDA:193,13,1,0
BRDA:193,14,0,0
BRDA:193,14,1,0
BRDA:193,14,2,0
BRDA:205,15,0,0
BRDA:205,15,1,0
BRDA:206,16,0,0
BRDA:206,16,1,0
BRDA:211,17,0,0
BRDA:211,17,1,0
BRDA:227,18,0,0
BRDA:227,18,1,0
BRDA:239,19,0,0
BRDA:239,19,1,0
BRDA:239,20,0,0
BRDA:239,20,1,0
BRDA:246,21,0,0
BRDA:246,21,1,0
BRDA:275,22,0,0
BRDA:275,22,1,0
BRDA:283,23,0,0
BRDA:283,23,1,0
BRDA:283,24,0,0
BRDA:283,24,1,0
BRDA:283,24,2,0
BRDA:283,24,3,0
BRDA:284,25,0,0
BRDA:284,25,1,0
BRDA:301,26,0,0
BRDA:301,26,1,0
BRDA:323,27,0,0
BRDA:323,27,1,0
BRDA:327,28,0,0
BRDA:327,28,1,0
BRDA:328,29,0,0
BRDA:328,29,1,0
BRDA:329,30,0,0
BRDA:329,30,1,0
BRDA:333,31,0,0
BRDA:333,31,1,0
BRDA:334,32,0,0
BRDA:334,32,1,0
BRDA:335,33,0,0
BRDA:335,33,1,0
BRDA:343,34,0,0
BRDA:343,34,1,0
BRDA:344,35,0,0
BRDA:344,35,1,0
BRDA:345,36,0,0
BRDA:345,36,1,0
BRDA:346,37,0,0
BRDA:346,37,1,0
BRDA:350,38,0,0
BRDA:350,38,1,0
BRDA:375,39,0,0
BRDA:375,39,1,0
BRDA:385,40,0,0
BRDA:385,40,1,0
BRDA:387,41,0,0
BRDA:387,41,1,0
BRDA:408,42,0,0
BRDA:408,42,1,0
BRDA:413,43,0,0
BRDA:413,43,1,0
BRDA:421,44,0,0
BRDA:421,44,1,0
BRDA:423,45,0,0
BRDA:423,45,1,0
BRDA:431,46,0,0
BRDA:431,46,1,0
BRDA:460,47,0,0
BRDA:460,47,1,0
BRDA:483,48,0,0
BRDA:483,48,1,0
BRDA:483,49,0,0
BRDA:483,49,1,0
BRF:107
BRH:0
end_of_record
TN:
SF:app\caregiver\device-connection-confirm.tsx
FN:33,DeviceConnectionConfirmScreen
FN:41,(anonymous_1)
FN:66,(anonymous_2)
FN:67,(anonymous_3)
FN:134,(anonymous_4)
FN:146,(anonymous_5)
FN:156,(anonymous_6)
FN:202,(anonymous_7)
FN:415,(anonymous_8)
FNF:9
FNH:0
FNDA:0,DeviceConnectionConfirmScreen
FNDA:0,(anonymous_1)
FNDA:0,(anonymous_2)
FNDA:0,(anonymous_3)
FNDA:0,(anonymous_4)
FNDA:0,(anonymous_5)
FNDA:0,(anonymous_6)
FNDA:0,(anonymous_7)
FNDA:0,(anonymous_8)
DA:34,0
DA:35,0
DA:41,0
DA:44,0
DA:47,0
DA:48,0
DA:51,0
DA:52,0
DA:53,0
DA:66,0
DA:67,0
DA:68,0
DA:69,0
DA:70,0
DA:71,0
DA:74,0
DA:75,0
DA:78,0
DA:80,0
DA:81,0
DA:82,0
DA:83,0
DA:87,0
DA:88,0
DA:89,0
DA:90,0
DA:93,0
DA:94,0
DA:97,0
DA:102,0
DA:103,0
DA:105,0
DA:106,0
DA:108,0
DA:109,0
DA:111,0
DA:112,0
DA:114,0
DA:115,0
DA:117,0
DA:120,0
DA:123,0
DA:127,0
DA:134,0
DA:135,0
DA:146,0
DA:156,0
DA:157,0
DA:158,0
DA:159,0
DA:162,0
DA:163,0
DA:165,0
DA:171,0
DA:172,0
DA:175,0
DA:176,0
DA:179,0
DA:185,0
DA:188,0
DA:189,0
DA:191,0
DA:194,0
DA:202,0
DA:203,0
DA:207,0
DA:208,0
DA:326,0
DA:327,0
DA:340,0
DA:341,0
DA:415,0
DA:429,0
DA:607,0
LF:74
LH:0
BRDA:68,0,0,0
BRDA:68,0,1,0
BRDA:80,1,0,0
BRDA:80,1,1,0
BRDA:87,2,0,0
BRDA:87,2,1,0
BRDA:87,3,0,0
BRDA:87,3,1,0
BRDA:102,4,0,0
BRDA:102,4,1,0
BRDA:103,5,0,0
BRDA:103,5,1,0
BRDA:103,5,2,0
BRDA:103,5,3,0
BRDA:103,5,4,0
BRDA:157,6,0,0
BRDA:157,6,1,0
BRDA:157,7,0,0
BRDA:157,7,1,0
BRDA:188,8,0,0
BRDA:188,8,1,0
BRDA:207,9,0,0
BRDA:207,9,1,0
BRDA:326,10,0,0
BRDA:326,10,1,0
BRDA:340,11,0,0
BRDA:340,11,1,0
BRDA:560,12,0,0
BRDA:560,12,1,0
BRDA:598,13,0,0
BRDA:598,13,1,0
BRF:31
BRH:0
end_of_record
TN:
SF:app\caregiver\device-connection.tsx
FN:32,DeviceConnectionScreen
FN:34,(anonymous_1)
FN:46,(anonymous_2)
FN:81,(anonymous_3)
FN:99,(anonymous_4)
FN:174,(anonymous_5)
FNF:6
FNH:0
FNDA:0,DeviceConnectionScreen
FNDA:0,(anonymous_1)
FNDA:0,(anonymous_2)
FNDA:0,(anonymous_3)
FNDA:0,(anonymous_4)
FNDA:0,(anonymous_5)
DA:33,0
DA:34,0
DA:37,0
DA:38,0
DA:39,0
DA:40,0
DA:46,0
DA:48,0
DA:49,0
DA:50,0
DA:54,0
DA:57,0
DA:58,0
DA:59,0
DA:62,0
DA:63,0
DA:64,0
DA:68,0
DA:69,0
DA:70,0
DA:73,0
DA:74,0
DA:81,0
DA:83,0
DA:86,0
DA:88,0
DA:89,0
DA:92,0
DA:99,0
DA:101,0
DA:102,0
DA:105,0
DA:106,0
DA:107,0
DA:110,0
DA:111,0
DA:112,0
DA:115,0
DA:116,0
DA:118,0
DA:120,0
DA:122,0
DA:123,0
DA:124,0
DA:129,0
DA:139,0
DA:142,0
DA:143,0
DA:145,0
DA:148,0
DA:155,0
DA:157,0
DA:174,0
DA:320,0
LF:54
LH:0
BRDA:48,0,0,0
BRDA:48,0,1,0
BRDA:57,1,0,0
BRDA:57,1,1,0
BRDA:62,2,0,0
BRDA:62,2,1,0
BRDA:68,3,0,0
BRDA:68,3,1,0
BRDA:101,4,0,0
BRDA:101,4,1,0
BRDA:105,5,0,0
BRDA:105,5,1,0
BRDA:110,6,0,0
BRDA:110,6,1,0
BRDA:122,7,0,0
BRDA:122,7,1,0
BRDA:142,8,0,0
BRDA:142,8,1,0
BRDA:155,9,0,0
BRDA:155,9,1,0
BRDA:155,9,2,0
BRDA:161,10,0,0
BRDA:161,10,1,0
BRDA:212,11,0,0
BRDA:212,11,1,0
BRDA:212,11,2,0
BRDA:225,12,0,0
BRDA:225,12,1,0
BRDA:225,13,0,0
BRDA:225,13,1,0
BRDA:238,14,0,0
BRDA:238,14,1,0
BRDA:238,14,2,0
BRDA:238,14,3,0
BRDA:257,15,0,0
BRDA:257,15,1,0
BRDA:263,16,0,0
BRDA:263,16,1,0
BRF:38
BRH:0
end_of_record
TN:
SF:app\caregiver\edit-profile.tsx
FN:13,EditProfileScreen
FN:16,(anonymous_1)
FN:24,(anonymous_2)
FN:30,(anonymous_3)
FN:34,(anonymous_4)
FN:58,(anonymous_5)
FN:89,(anonymous_6)
FN:99,(anonymous_7)
FN:128,(anonymous_8)
FN:159,(anonymous_9)
FNF:10
FNH:0
FNDA:0,EditProfileScreen
FNDA:0,(anonymous_1)
FNDA:0,(anonymous_2)
FNDA:0,(anonymous_3)
FNDA:0,(anonymous_4)
FNDA:0,(anonymous_5)
FNDA:0,(anonymous_6)
FNDA:0,(anonymous_7)
FNDA:0,(anonymous_8)
FNDA:0,(anonymous_9)
DA:14,0
DA:15,0
DA:16,0
DA:17,0
DA:19,0
DA:20,0
DA:21,0
DA:22,0
DA:24,0
DA:25,0
DA:26,0
DA:30,0
DA:34,0
DA:35,0
DA:36,0
DA:37,0
DA:38,0
DA:39,0
DA:42,0
DA:43,0
DA:44,0
DA:45,0
DA:48,0
DA:49,0
DA:52,0
DA:53,0
DA:54,0
DA:58,0
DA:59,0
DA:60,0
DA:63,0
DA:89,0
DA:99,0
DA:129,0
DA:130,0
DA:159,0
DA:170,0
LF:37
LH:0
BRDA:19,0,0,0
BRDA:19,0,1,0
BRDA:25,1,0,0
BRDA:25,1,1,0
BRDA:25,2,0,0
BRDA:25,2,1,0
BRDA:25,3,0,0
BRDA:25,3,1,0
BRDA:30,4,0,0
BRDA:30,4,1,0
BRDA:36,5,0,0
BRDA:36,5,1,0
BRDA:48,6,0,0
BRDA:48,6,1,0
BRDA:52,7,0,0
BRDA:52,7,1,0
BRDA:52,8,0,0
BRDA:52,8,1,0
BRDA:59,9,0,0
BRDA:59,9,1,0
BRDA:85,10,0,0
BRDA:85,10,1,0
BRDA:95,11,0,0
BRDA:95,11,1,0
BRDA:113,12,0,0
BRDA:113,12,1,0
BRDA:114,13,0,0
BRDA:114,13,1,0
BRDA:130,14,0,0
BRDA:130,14,1,0
BRDA:150,15,0,0
BRDA:150,15,1,0
BRDA:150,15,2,0
BRDA:152,16,0,0
BRDA:152,16,1,0
BRF:35
BRH:0
end_of_record
TN:
SF:app\caregiver\patients.tsx
FN:32,PatientsScreen
FN:34,(anonymous_1)
FN:53,(anonymous_2)
FN:60,(anonymous_3)
FN:67,(anonymous_4)
FN:75,(anonymous_5)
FN:87,(anonymous_6)
FN:191,(anonymous_7)
FN:196,(anonymous_8)
FN:227,(anonymous_9)
FN:241,(anonymous_10)
FNF:11
FNH:0
FNDA:0,PatientsScreen
FNDA:0,(anonymous_1)
FNDA:0,(anonymous_2)
FNDA:0,(anonymous_3)
FNDA:0,(anonymous_4)
FNDA:0,(anonymous_5)
FNDA:0,(anonymous_6)
FNDA:0,(anonymous_7)
FNDA:0,(anonymous_8)
FNDA:0,(anonymous_9)
FNDA:0,(anonymous_10)
DA:33,0
DA:34,0
DA:37,0
DA:45,0
DA:53,0
DA:54,0
DA:60,0
DA:61,0
DA:67,0
DA:69,0
DA:75,0
DA:76,0
DA:88,0
DA:89,0
DA:90,0
DA:93,0
DA:94,0
DA:95,0
DA:96,0
DA:98,0
DA:99,0
DA:110,0
DA:192,0
DA:196,0
DA:227,0
DA:241,0
DA:315,0
LF:27
LH:0
BRDA:46,0,0,0
BRDA:46,0,1,0
BRDA:88,1,0,0
BRDA:88,1,1,0
BRDA:101,2,0,0
BRDA:101,2,1,0
BRDA:123,3,0,0
BRDA:123,3,1,0
BRDA:140,4,0,0
BRDA:140,4,1,0
BRDA:157,5,0,0
BRDA:157,5,1,0
BRDA:157,5,2,0
BRDA:165,6,0,0
BRDA:165,6,1,0
BRDA:165,6,2,0
BRDA:165,6,3,0
BRDA:189,7,0,0
BRDA:189,7,1,0
BRDA:189,7,2,0
BRDA:189,7,3,0
BRDA:210,8,0,0
BRDA:210,8,1,0
BRDA:262,9,0,0
BRDA:262,9,1,0
BRDA:262,9,2,0
BRF:26
BRH:0
end_of_record
TN:
SF:app\caregiver\settings.tsx
FN:16,CaregiverSettings
FNF:1
FNH:0
FNDA:0,CaregiverSettings
DA:17,0
LF:1
LH:0
BRF:0
BRH:0
end_of_record
TN:
SF:app\caregiver\tasks.tsx
FN:32,TasksScreen
FN:33,(anonymous_1)
FN:44,(anonymous_2)
FN:59,(anonymous_3)
FN:74,(anonymous_4)
FN:117,(anonymous_5)
FN:126,(anonymous_6)
FN:143,(anonymous_7)
FN:153,(anonymous_8)
FN:167,(anonymous_9)
FN:177,(anonymous_10)
FN:205,(anonymous_11)
FN:222,(anonymous_12)
FN:229,(anonymous_13)
FN:240,(anonymous_14)
FN:308,(anonymous_15)
FNF:16
FNH:0
FNDA:0,TasksScreen
FNDA:0,(anonymous_1)
FNDA:0,(anonymous_2)
FNDA:0,(anonymous_3)
FNDA:0,(anonymous_4)
FNDA:0,(anonymous_5)
FNDA:0,(anonymous_6)
FNDA:0,(anonymous_7)
FNDA:0,(anonymous_8)
FNDA:0,(anonymous_9)
FNDA:0,(anonymous_10)
FNDA:0,(anonymous_11)
FNDA:0,(anonymous_12)
FNDA:0,(anonymous_13)
FNDA:0,(anonymous_14)
FNDA:0,(anonymous_15)
DA:33,0
DA:36,0
DA:38,0
DA:39,0
DA:40,0
DA:41,0
DA:42,0
DA:44,0
DA:45,0
DA:46,0
DA:50,0
DA:59,0
DA:60,0
DA:61,0
DA:62,0
DA:64,0
DA:65,0
DA:74,0
DA:76,0
DA:77,0
DA:81,0
DA:82,0
DA:83,0
DA:86,0
DA:87,0
DA:88,0
DA:91,0
DA:93,0
DA:94,0
DA:102,0
DA:103,0
DA:104,0
DA:105,0
DA:107,0
DA:108,0
DA:110,0
DA:117,0
DA:118,0
DA:127,0
DA:128,0
DA:129,0
DA:131,0
DA:132,0
DA:143,0
DA:144,0
DA:145,0
DA:146,0
DA:147,0
DA:153,0
DA:154,0
DA:155,0
DA:157,0
DA:158,0
DA:159,0
DA:160,0
DA:167,0
DA:168,0
DA:177,0
DA:205,0
DA:222,0
DA:228,0
DA:229,0
DA:240,0
DA:241,0
DA:255,0
DA:309,0
DA:310,0
DA:354,0
LF:68
LH:0
BRDA:45,0,0,0
BRDA:45,0,1,0
BRDA:50,1,0,0
BRDA:52,2,0,0
BRDA:52,2,1,0
BRDA:76,3,0,0
BRDA:76,3,1,0
BRDA:81,4,0,0
BRDA:81,4,1,0
BRDA:86,5,0,0
BRDA:86,5,1,0
BRDA:154,6,0,0
BRDA:154,6,1,0
BRDA:172,7,0,0
BRDA:172,7,1,0
BRDA:181,8,0,0
BRDA:181,8,1,0
BRDA:187,9,0,0
BRDA:187,9,1,0
BRDA:189,10,0,0
BRDA:189,10,1,0
BRDA:195,11,0,0
BRDA:195,11,1,0
BRDA:279,12,0,0
BRDA:279,12,1,0
BRDA:310,13,0,0
BRDA:310,13,1,0
BRDA:328,14,0,0
BRDA:328,14,1,0
BRDA:333,15,0,0
BRDA:333,15,1,0
BRF:31
BRH:0
end_of_record
TN:
SF:app\caregiver\calendar\index.tsx
FN:25,CalendarScreen
FN:27,(anonymous_1)
FN:40,(anonymous_2)
FN:50,(anonymous_3)
FN:51,(anonymous_4)
FN:69,(anonymous_5)
FN:91,(anonymous_6)
FN:98,(anonymous_7)
FN:102,(anonymous_8)
FN:112,(anonymous_9)
FN:121,(anonymous_10)
FN:126,(anonymous_11)
FN:134,(anonymous_12)
FN:136,(anonymous_13)
FN:137,(anonymous_14)
FN:138,(anonymous_15)
FN:153,(anonymous_16)
FN:158,(anonymous_17)
FN:173,(anonymous_18)
FN:180,(anonymous_19)
FN:185,(anonymous_20)
FN:190,(anonymous_21)
FN:220,(anonymous_22)
FN:226,(anonymous_23)
FNF:24
FNH:0
FNDA:0,CalendarScreen
FNDA:0,(anonymous_1)
FNDA:0,(anonymous_2)
FNDA:0,(anonymous_3)
FNDA:0,(anonymous_4)
FNDA:0,(anonymous_5)
FNDA:0,(anonymous_6)
FNDA:0,(anonymous_7)
FNDA:0,(anonymous_8)
FNDA:0,(anonymous_9)
FNDA:0,(anonymous_10)
FNDA:0,(anonymous_11)
FNDA:0,(anonymous_12)
FNDA:0,(anonymous_13)
FNDA:0,(anonymous_14)
FNDA:0,(anonymous_15)
FNDA:0,(anonymous_16)
FNDA:0,(anonymous_17)
FNDA:0,(anonymous_18)
FNDA:0,(anonymous_19)
FNDA:0,(anonymous_20)
FNDA:0,(anonymous_21)
FNDA:0,(anonymous_22)
FNDA:0,(anonymous_23)
DA:26,0
DA:27,0
DA:29,0
DA:30,0
DA:31,0
DA:34,0
DA:40,0
DA:41,0
DA:48,0
DA:50,0
DA:51,0
DA:52,0
DA:53,0
DA:54,0
DA:57,0
DA:58,0
DA:69,0
DA:70,0
DA:73,0
DA:80,0
DA:83,0
DA:91,0
DA:92,0
DA:93,0
DA:94,0
DA:98,0
DA:99,0
DA:100,0
DA:102,0
DA:103,0
DA:104,0
DA:107,0
DA:108,0
DA:109,0
DA:110,0
DA:112,0
DA:113,0
DA:114,0
DA:117,0
DA:121,0
DA:122,0
DA:125,0
DA:126,0
DA:127,0
DA:128,0
DA:129,0
DA:130,0
DA:134,0
DA:135,0
DA:136,0
DA:137,0
DA:138,0
DA:140,0
DA:142,0
DA:143,0
DA:144,0
DA:146,0
DA:149,0
DA:153,0
DA:154,0
DA:155,0
DA:156,0
DA:158,0
DA:159,0
DA:160,0
DA:161,0
DA:164,0
DA:173,0
DA:175,0
DA:176,0
DA:177,0
DA:178,0
DA:180,0
DA:181,0
DA:182,0
DA:183,0
DA:185,0
DA:186,0
DA:187,0
DA:190,0
DA:191,0
DA:193,0
DA:195,0
DA:196,0
DA:197,0
DA:200,0
DA:201,0
DA:202,0
DA:203,0
DA:204,0
DA:206,0
DA:207,0
DA:208,0
DA:211,0
DA:220,0
DA:221,0
DA:222,0
DA:223,0
DA:226,0
DA:228,0
DA:229,0
DA:234,0
DA:238,0
DA:239,0
DA:240,0
DA:253,0
DA:295,0
LF:107
LH:0
BRDA:35,0,0,0
BRDA:35,0,1,0
BRDA:52,1,0,0
BRDA:52,1,1,0
BRDA:52,2,0,0
BRDA:52,2,1,0
BRDA:58,3,0,0
BRDA:58,3,1,0
BRDA:70,4,0,0
BRDA:70,4,1,0
BRDA:83,5,0,0
BRDA:93,6,0,0
BRDA:93,6,1,0
BRDA:93,7,0,0
BRDA:93,7,1,0
BRDA:104,8,0,0
BRDA:104,8,1,0
BRDA:114,9,0,0
BRDA:114,9,1,0
BRDA:129,10,0,0
BRDA:129,10,1,0
BRDA:142,11,0,0
BRDA:142,11,1,0
BRDA:143,12,0,0
BRDA:143,12,1,0
BRDA:144,13,0,0
BRDA:144,13,1,0
BRDA:159,14,0,0
BRDA:159,14,1,0
BRDA:160,15,0,0
BRDA:160,15,1,0
BRDA:161,16,0,0
BRDA:161,16,1,0
BRDA:187,17,0,0
BRDA:187,17,1,0
BRDA:196,18,0,0
BRDA:196,18,1,0
BRDA:201,19,0,0
BRDA:201,19,1,0
BRDA:203,20,0,0
BRDA:203,20,1,0
BRDA:206,21,0,0
BRDA:206,21,1,0
BRDA:207,22,0,0
BRDA:207,22,1,0
BRDA:228,23,0,0
BRDA:228,23,1,0
BRDA:228,24,0,0
BRDA:228,24,1,0
BRDA:238,25,0,0
BRDA:238,25,1,0
BRDA:276,26,0,0
BRDA:276,26,1,0
BRDA:285,27,0,0
BRDA:285,27,1,0
BRF:55
BRH:0
end_of_record
TN:
SF:app\caregiver\medications\_layout.tsx
FN:3,CaregiverMedicationsLayout
FNF:1
FNH:0
FNDA:0,CaregiverMedicationsLayout
DA:4,0
LF:1
LH:0
BRF:0
BRH:0
end_of_record
TN:
SF:app\caregiver\medications\[patientId]\[id].tsx
FN:16,CaregiverMedicationDetailScreen
FN:22,(anonymous_1)
FN:23,(anonymous_2)
FN:24,(anonymous_3)
FN:31,(anonymous_4)
FN:32,(anonymous_5)
FN:48,(anonymous_6)
FN:53,(anonymous_7)
FN:58,(anonymous_8)
FN:91,(anonymous_9)
FN:99,(anonymous_10)
FN:185,(anonymous_11)
FN:197,(anonymous_12)
FN:239,(anonymous_13)
FNF:14
FNH:0
FNDA:0,CaregiverMedicationDetailScreen
FNDA:0,(anonymous_1)
FNDA:0,(anonymous_2)
FNDA:0,(anonymous_3)
FNDA:0,(anonymous_4)
FNDA:0,(anonymous_5)
FNDA:0,(anonymous_6)
FNDA:0,(anonymous_7)
FNDA:0,(anonymous_8)
FNDA:0,(anonymous_9)
FNDA:0,(anonymous_10)
FNDA:0,(anonymous_11)
FNDA:0,(anonymous_12)
FNDA:0,(anonymous_13)
DA:17,0
DA:18,0
DA:19,0
DA:20,0
DA:21,0
DA:22,0
DA:23,0
DA:24,0
DA:26,0
DA:27,0
DA:28,0
DA:31,0
DA:32,0
DA:33,0
DA:34,0
DA:35,0
DA:36,0
DA:37,0
DA:40,0
DA:44,0
DA:48,0
DA:49,0
DA:53,0
DA:54,0
DA:58,0
DA:59,0
DA:60,0
DA:63,0
DA:65,0
DA:66,0
DA:67,0
DA:74,0
DA:79,0
DA:80,0
DA:81,0
DA:82,0
DA:84,0
DA:85,0
DA:86,0
DA:91,0
DA:93,0
DA:94,0
DA:99,0
DA:100,0
DA:101,0
DA:102,0
DA:105,0
DA:107,0
DA:110,0
DA:111,0
DA:114,0
DA:115,0
DA:118,0
DA:119,0
DA:122,0
DA:123,0
DA:126,0
DA:127,0
DA:131,0
DA:132,0
DA:133,0
DA:137,0
DA:138,0
DA:139,0
DA:140,0
DA:144,0
DA:145,0
DA:149,0
DA:150,0
DA:151,0
DA:155,0
DA:158,0
DA:159,0
DA:160,0
DA:161,0
DA:168,0
DA:173,0
DA:174,0
DA:176,0
DA:179,0
DA:185,0
DA:197,0
DA:198,0
DA:202,0
DA:203,0
DA:213,0
DA:214,0
DA:227,0
DA:239,0
DA:245,0
LF:90
LH:0
BRDA:18,0,0,0
BRDA:18,0,1,0
BRDA:19,1,0,0
BRDA:19,1,1,0
BRDA:33,2,0,0
BRDA:33,2,1,0
BRDA:36,3,0,0
BRDA:36,3,1,0
BRDA:59,4,0,0
BRDA:59,4,1,0
BRDA:59,5,0,0
BRDA:59,5,1,0
BRDA:65,6,0,0
BRDA:65,6,1,0
BRDA:86,7,0,0
BRDA:86,7,1,0
BRDA:93,8,0,0
BRDA:93,8,1,0
BRDA:100,9,0,0
BRDA:100,9,1,0
BRDA:100,10,0,0
BRDA:100,10,1,0
BRDA:110,11,0,0
BRDA:110,11,1,0
BRDA:114,12,0,0
BRDA:114,12,1,0
BRDA:118,13,0,0
BRDA:118,13,1,0
BRDA:122,14,0,0
BRDA:122,14,1,0
BRDA:126,15,0,0
BRDA:126,15,1,0
BRDA:132,16,0,0
BRDA:132,16,1,0
BRDA:137,17,0,0
BRDA:137,17,1,0
BRDA:139,18,0,0
BRDA:139,18,1,0
BRDA:144,19,0,0
BRDA:144,19,1,0
BRDA:144,20,0,0
BRDA:144,20,1,0
BRDA:144,20,2,0
BRDA:144,20,3,0
BRDA:145,21,0,0
BRDA:145,21,1,0
BRDA:149,22,0,0
BRDA:149,22,1,0
BRDA:158,23,0,0
BRDA:158,23,1,0
BRDA:181,24,0,0
BRDA:181,24,1,0
BRDA:202,25,0,0
BRDA:202,25,1,0
BRDA:213,26,0,0
BRDA:213,26,1,0
BRF:56
BRH:0
end_of_record
TN:
SF:app\caregiver\medications\[patientId]\_layout.tsx
FN:3,CaregiverPatientMedicationsLayout
FNF:1
FNH:0
FNDA:0,CaregiverPatientMedicationsLayout
DA:4,0
LF:1
LH:0
BRF:0
BRH:0
end_of_record
TN:
SF:app\caregiver\medications\[patientId]\add.tsx
FN:14,CaregiverAddMedicationScreen
FN:19,(anonymous_1)
FN:24,(anonymous_2)
FN:25,(anonymous_3)
FN:41,(anonymous_4)
FN:91,(anonymous_5)
FN:105,(anonymous_6)
FN:119,(anonymous_7)
FNF:8
FNH:0
FNDA:0,CaregiverAddMedicationScreen
FNDA:0,(anonymous_1)
FNDA:0,(anonymous_2)
FNDA:0,(anonymous_3)
FNDA:0,(anonymous_4)
FNDA:0,(anonymous_5)
FNDA:0,(anonymous_6)
FNDA:0,(anonymous_7)
DA:15,0
DA:16,0
DA:17,0
DA:18,0
DA:19,0
DA:20,0
DA:21,0
DA:24,0
DA:25,0
DA:26,0
DA:27,0
DA:28,0
DA:29,0
DA:30,0
DA:33,0
DA:37,0
DA:41,0
DA:42,0
DA:43,0
DA:44,0
DA:47,0
DA:49,0
DA:51,0
DA:69,0
DA:72,0
DA:73,0
DA:74,0
DA:80,0
DA:85,0
DA:91,0
DA:96,0
DA:99,0
DA:105,0
DA:114,0
DA:119,0
DA:120,0
DA:123,0
DA:141,0
LF:38
LH:0
BRDA:16,0,0,0
BRDA:16,0,1,0
BRDA:26,1,0,0
BRDA:26,1,1,0
BRDA:29,2,0,0
BRDA:29,2,1,0
BRDA:42,3,0,0
BRDA:42,3,1,0
BRDA:42,4,0,0
BRDA:42,4,1,0
BRDA:59,5,0,0
BRDA:59,5,1,0
BRDA:72,6,0,0
BRDA:72,6,1,0
BRDA:72,7,0,0
BRDA:72,7,1,0
BRDA:101,8,0,0
BRDA:101,8,1,0
BRF:18
BRH:0
end_of_record
TN:
SF:app\caregiver\medications\[patientId]\index.tsx
FN:26,CaregiverMedicationsIndexContent
FN:31,(anonymous_1)
FN:32,(anonymous_2)
FN:48,(anonymous_3)
FN:49,(anonymous_4)
FN:66,(anonymous_5)
FN:70,(anonymous_6)
FN:75,(anonymous_7)
FN:77,(anonymous_8)
FN:78,(anonymous_9)
FN:80,(anonymous_10)
FN:88,(anonymous_11)
FN:98,(anonymous_12)
FN:114,(anonymous_13)
FN:124,(anonymous_14)
FN:125,(anonymous_15)
FN:139,(anonymous_16)
FN:140,(anonymous_17)
FN:166,(anonymous_18)
FN:178,(anonymous_19)
FN:186,(anonymous_20)
FN:199,(anonymous_21)
FN:206,(anonymous_22)
FN:218,(anonymous_23)
FN:225,(anonymous_24)
FN:234,(anonymous_25)
FN:250,(anonymous_26)
FN:259,(anonymous_27)
FN:268,(anonymous_28)
FN:289,(anonymous_29)
FN:303,(anonymous_30)
FN:324,(anonymous_31)
FN:335,(anonymous_32)
FN:343,(anonymous_33)
FN:420,CaregiverMedicationsIndex
FNF:35
FNH:0
FNDA:0,CaregiverMedicationsIndexContent
FNDA:0,(anonymous_1)
FNDA:0,(anonymous_2)
FNDA:0,(anonymous_3)
FNDA:0,(anonymous_4)
FNDA:0,(anonymous_5)
FNDA:0,(anonymous_6)
FNDA:0,(anonymous_7)
FNDA:0,(anonymous_8)
FNDA:0,(anonymous_9)
FNDA:0,(anonymous_10)
FNDA:0,(anonymous_11)
FNDA:0,(anonymous_12)
FNDA:0,(anonymous_13)
FNDA:0,(anonymous_14)
FNDA:0,(anonymous_15)
FNDA:0,(anonymous_16)
FNDA:0,(anonymous_17)
FNDA:0,(anonymous_18)
FNDA:0,(anonymous_19)
FNDA:0,(anonymous_20)
FNDA:0,(anonymous_21)
FNDA:0,(anonymous_22)
FNDA:0,(anonymous_23)
FNDA:0,(anonymous_24)
FNDA:0,(anonymous_25)
FNDA:0,(anonymous_26)
FNDA:0,(anonymous_27)
FNDA:0,(anonymous_28)
FNDA:0,(anonymous_29)
FNDA:0,(anonymous_30)
FNDA:0,(anonymous_31)
FNDA:0,(anonymous_32)
FNDA:0,(anonymous_33)
FNDA:0,CaregiverMedicationsIndex
DA:27,0
DA:28,0
DA:29,0
DA:30,0
DA:31,0
DA:32,0
DA:33,0
DA:34,0
DA:35,0
DA:36,0
DA:39,0
DA:40,0
DA:43,0
DA:48,0
DA:49,0
DA:50,0
DA:52,0
DA:53,0
DA:54,0
DA:55,0
DA:58,0
DA:62,0
DA:66,0
DA:67,0
DA:68,0
DA:70,0
DA:71,0
DA:75,0
DA:76,0
DA:77,0
DA:78,0
DA:79,0
DA:80,0
DA:81,0
DA:84,0
DA:85,0
DA:87,0
DA:88,0
DA:89,0
DA:92,0
DA:94,0
DA:95,0
DA:97,0
DA:98,0
DA:99,0
DA:100,0
DA:101,0
DA:102,0
DA:103,0
DA:104,0
DA:108,0
DA:113,0
DA:115,0
DA:116,0
DA:124,0
DA:125,0
DA:126,0
DA:127,0
DA:128,0
DA:130,0
DA:135,0
DA:139,0
DA:140,0
DA:141,0
DA:143,0
DA:144,0
DA:145,0
DA:146,0
DA:147,0
DA:148,0
DA:151,0
DA:156,0
DA:159,0
DA:160,0
DA:166,0
DA:167,0
DA:170,0
DA:171,0
DA:172,0
DA:175,0
DA:177,0
DA:178,0
DA:179,0
DA:186,0
DA:187,0
DA:188,0
DA:199,0
DA:200,0
DA:202,0
DA:206,0
DA:218,0
DA:224,0
DA:225,0
DA:234,0
DA:235,0
DA:250,0
DA:259,0
DA:260,0
DA:268,0
DA:289,0
DA:290,0
DA:291,0
DA:303,0
DA:312,0
DA:324,0
DA:335,0
DA:336,0
DA:338,0
DA:343,0
DA:355,0
DA:356,0
DA:366,0
DA:367,0
DA:368,0
DA:382,0
DA:421,0
DA:428,0
LF:117
LH:0
BRDA:28,0,0,0
BRDA:28,0,1,0
BRDA:50,1,0,0
BRDA:50,1,1,0
BRDA:54,2,0,0
BRDA:54,2,1,0
BRDA:67,3,0,0
BRDA:67,3,1,0
BRDA:79,4,0,0
BRDA:79,4,1,0
BRDA:85,5,0,0
BRDA:85,5,1,0
BRDA:92,6,0,0
BRDA:92,6,1,0
BRDA:100,7,0,0
BRDA:100,7,1,0
BRDA:100,8,0,0
BRDA:100,8,1,0
BRDA:101,9,0,0
BRDA:101,9,1,0
BRDA:115,10,0,0
BRDA:115,10,1,0
BRDA:115,11,0,0
BRDA:115,11,1,0
BRDA:126,12,0,0
BRDA:126,12,1,0
BRDA:126,13,0,0
BRDA:126,13,1,0
BRDA:144,14,0,0
BRDA:144,14,1,0
BRDA:144,15,0,0
BRDA:144,15,1,0
BRDA:147,16,0,0
BRDA:147,16,1,0
BRDA:159,17,0,0
BRDA:159,17,1,0
BRDA:170,18,0,0
BRDA:170,18,1,0
BRDA:170,19,0,0
BRDA:170,19,1,0
BRDA:170,19,2,0
BRDA:170,19,3,0
BRDA:175,20,0,0
BRDA:175,20,1,0
BRDA:179,21,0,0
BRDA:179,21,1,0
BRDA:179,21,2,0
BRDA:187,22,0,0
BRDA:187,22,1,0
BRDA:187,23,0,0
BRDA:187,23,1,0
BRDA:246,24,0,0
BRDA:246,24,1,0
BRDA:290,25,0,0
BRDA:290,25,1,0
BRDA:336,26,0,0
BRDA:336,26,1,0
BRDA:355,27,0,0
BRDA:355,27,1,0
BRDA:366,28,0,0
BRDA:366,28,1,0
BRDA:366,29,0,0
BRDA:366,29,1,0
BRDA:366,29,2,0
BRDA:388,30,0,0
BRDA:388,30,1,0
BRF:66
BRH:0
end_of_record
TN:
SF:app\caregiver\reports\[patientId].tsx
FN:17,PatientReportsScreen
FN:23,(anonymous_1)
FN:24,(anonymous_2)
FN:29,(anonymous_3)
FN:33,(anonymous_4)
FN:41,(anonymous_5)
FN:46,(anonymous_6)
FN:52,(anonymous_7)
FN:53,(anonymous_8)
FN:55,(anonymous_9)
FN:61,(anonymous_10)
FN:66,(anonymous_11)
FN:83,(anonymous_12)
FN:97,(anonymous_13)
FN:102,(anonymous_14)
FN:117,(anonymous_15)
FN:125,(anonymous_16)
FN:129,(anonymous_17)
FN:181,(anonymous_18)
FN:182,(anonymous_19)
FNF:20
FNH:0
FNDA:0,PatientReportsScreen
FNDA:0,(anonymous_1)
FNDA:0,(anonymous_2)
FNDA:0,(anonymous_3)
FNDA:0,(anonymous_4)
FNDA:0,(anonymous_5)
FNDA:0,(anonymous_6)
FNDA:0,(anonymous_7)
FNDA:0,(anonymous_8)
FNDA:0,(anonymous_9)
FNDA:0,(anonymous_10)
FNDA:0,(anonymous_11)
FNDA:0,(anonymous_12)
FNDA:0,(anonymous_13)
FNDA:0,(anonymous_14)
FNDA:0,(anonymous_15)
FNDA:0,(anonymous_16)
FNDA:0,(anonymous_17)
FNDA:0,(anonymous_18)
FNDA:0,(anonymous_19)
DA:15,0
DA:18,0
DA:19,0
DA:20,0
DA:21,0
DA:23,0
DA:24,0
DA:26,0
DA:29,0
DA:30,0
DA:31,0
DA:33,0
DA:34,0
DA:41,0
DA:42,0
DA:43,0
DA:46,0
DA:47,0
DA:48,0
DA:51,0
DA:52,0
DA:53,0
DA:54,0
DA:55,0
DA:56,0
DA:59,0
DA:60,0
DA:61,0
DA:62,0
DA:65,0
DA:66,0
DA:67,0
DA:68,0
DA:69,0
DA:70,0
DA:71,0
DA:75,0
DA:83,0
DA:84,0
DA:85,0
DA:86,0
DA:88,0
DA:89,0
DA:90,0
DA:91,0
DA:93,0
DA:94,0
DA:97,0
DA:98,0
DA:99,0
DA:102,0
DA:103,0
DA:106,0
DA:112,0
DA:117,0
DA:126,0
DA:129,0
DA:181,0
DA:182,0
DA:204,0
LF:60
LH:0
BRDA:21,0,0,0
BRDA:21,0,1,0
BRDA:30,1,0,0
BRDA:30,1,1,0
BRDA:48,2,0,0
BRDA:48,2,1,0
BRDA:54,3,0,0
BRDA:54,3,1,0
BRDA:62,4,0,0
BRDA:62,4,1,0
BRDA:67,5,0,0
BRDA:67,5,1,0
BRDA:68,6,0,0
BRDA:68,6,1,0
BRDA:78,7,0,0
BRDA:78,7,1,0
BRDA:99,8,0,0
BRDA:99,8,1,0
BRDA:128,9,0,0
BRDA:128,9,1,0
BRDA:131,10,0,0
BRDA:131,10,1,0
BRDA:132,11,0,0
BRDA:132,11,1,0
BRDA:139,12,0,0
BRDA:139,12,1,0
BRDA:181,13,0,0
BRDA:182,14,0,0
BRF:28
BRH:0
end_of_record
TN:
SF:app\patient\_layout.tsx
FN:8,PatientLayout
FN:10,(anonymous_1)
FN:12,(anonymous_2)
FN:15,(anonymous_3)
FN:22,(anonymous_4)
FNF:5
FNH:0
FNDA:0,PatientLayout
FNDA:0,(anonymous_1)
FNDA:0,(anonymous_2)
FNDA:0,(anonymous_3)
FNDA:0,(anonymous_4)
DA:9,0
DA:10,0
DA:12,0
DA:15,0
DA:16,0
DA:17,0
DA:18,0
DA:22,0
DA:25,0
DA:40,0
LF:10
LH:0
BRDA:16,0,0,0
BRDA:16,0,1,0
BRDA:16,1,0,0
BRDA:16,1,1,0
BRF:4
BRH:0
end_of_record
TN:
SF:app\patient\device-provisioning.tsx
FN:26,DeviceProvisioningScreen
FN:28,(anonymous_1)
FN:39,(anonymous_2)
FN:45,(anonymous_3)
FN:68,(anonymous_4)
FN:82,(anonymous_5)
FN:89,(anonymous_6)
FN:95,(anonymous_7)
FN:148,(anonymous_8)
FNF:9
FNH:0
FNDA:0,DeviceProvisioningScreen
FNDA:0,(anonymous_1)
FNDA:0,(anonymous_2)
FNDA:0,(anonymous_3)
FNDA:0,(anonymous_4)
FNDA:0,(anonymous_5)
FNDA:0,(anonymous_6)
FNDA:0,(anonymous_7)
FNDA:0,(anonymous_8)
DA:27,0
DA:28,0
DA:29,0
DA:30,0
DA:31,0
DA:35,0
DA:36,0
DA:39,0
DA:40,0
DA:41,0
DA:42,0
DA:45,0
DA:46,0
DA:47,0
DA:49,0
DA:50,0
DA:51,0
DA:55,0
DA:58,0
DA:60,0
DA:64,0
DA:68,0
DA:69,0
DA:71,0
DA:74,0
DA:76,0
DA:77,0
DA:82,0
DA:85,0
DA:89,0
DA:90,0
DA:91,0
DA:95,0
DA:96,0
DA:97,0
DA:98,0
DA:99,0
DA:100,0
DA:102,0
DA:106,0
DA:107,0
DA:118,0
DA:119,0
DA:136,0
DA:148,0
DA:179,0
LF:46
LH:0
BRDA:40,0,0,0
BRDA:40,0,1,0
BRDA:49,1,0,0
BRDA:49,1,1,0
BRDA:49,2,0,0
BRDA:49,2,1,0
BRDA:49,2,2,0
BRDA:106,3,0,0
BRDA:106,3,1,0
BRDA:118,4,0,0
BRDA:118,4,1,0
BRDA:156,5,0,0
BRDA:156,5,1,0
BRDA:156,5,2,0
BRDA:167,6,0,0
BRDA:167,6,1,0
BRF:16
BRH:0
end_of_record
TN:
SF:app\patient\device-settings.tsx
FN:40,DeviceSettings
FN:43,(anonymous_1)
FN:71,(anonymous_2)
FN:116,(anonymous_3)
FN:224,(anonymous_4)
FN:228,(anonymous_5)
FN:230,(anonymous_6)
FN:242,(anonymous_7)
FN:247,(anonymous_8)
FN:254,(anonymous_9)
FN:259,(anonymous_10)
FN:291,(anonymous_11)
FN:302,(anonymous_12)
FN:313,(anonymous_13)
FN:335,(anonymous_14)
FN:352,(anonymous_15)
FN:367,(anonymous_16)
FN:392,(anonymous_17)
FN:420,(anonymous_18)
FN:422,(anonymous_19)
FN:433,(anonymous_20)
FN:442,(anonymous_21)
FN:454,(anonymous_22)
FN:469,(anonymous_23)
FN:477,(anonymous_24)
FN:495,(anonymous_25)
FN:503,(anonymous_26)
FN:516,(anonymous_27)
FN:527,(anonymous_28)
FN:536,(anonymous_29)
FN:551,(anonymous_30)
FN:562,(anonymous_31)
FN:577,(anonymous_32)
FN:585,(anonymous_33)
FN:612,(anonymous_34)
FN:627,(anonymous_35)
FN:638,(anonymous_36)
FN:690,(anonymous_37)
FN:706,(anonymous_38)
FN:761,(anonymous_39)
FN:770,(anonymous_40)
FN:783,(anonymous_41)
FN:794,(anonymous_42)
FN:906,(anonymous_43)
FN:907,(anonymous_44)
FN:969,(anonymous_45)
FN:986,(anonymous_46)
FN:1034,(anonymous_47)
FN:1051,(anonymous_48)
FN:1061,(anonymous_49)
FN:1097,(anonymous_50)
FN:1114,(anonymous_51)
FNF:52
FNH:0
FNDA:0,DeviceSettings
FNDA:0,(anonymous_1)
FNDA:0,(anonymous_2)
FNDA:0,(anonymous_3)
FNDA:0,(anonymous_4)
FNDA:0,(anonymous_5)
FNDA:0,(anonymous_6)
FNDA:0,(anonymous_7)
FNDA:0,(anonymous_8)
FNDA:0,(anonymous_9)
FNDA:0,(anonymous_10)
FNDA:0,(anonymous_11)
FNDA:0,(anonymous_12)
FNDA:0,(anonymous_13)
FNDA:0,(anonymous_14)
FNDA:0,(anonymous_15)
FNDA:0,(anonymous_16)
FNDA:0,(anonymous_17)
FNDA:0,(anonymous_18)
FNDA:0,(anonymous_19)
FNDA:0,(anonymous_20)
FNDA:0,(anonymous_21)
FNDA:0,(anonymous_22)
FNDA:0,(anonymous_23)
FNDA:0,(anonymous_24)
FNDA:0,(anonymous_25)
FNDA:0,(anonymous_26)
FNDA:0,(anonymous_27)
FNDA:0,(anonymous_28)
FNDA:0,(anonymous_29)
FNDA:0,(anonymous_30)
FNDA:0,(anonymous_31)
FNDA:0,(anonymous_32)
FNDA:0,(anonymous_33)
FNDA:0,(anonymous_34)
FNDA:0,(anonymous_35)
FNDA:0,(anonymous_36)
FNDA:0,(anonymous_37)
FNDA:0,(anonymous_38)
FNDA:0,(anonymous_39)
FNDA:0,(anonymous_40)
FNDA:0,(anonymous_41)
FNDA:0,(anonymous_42)
FNDA:0,(anonymous_43)
FNDA:0,(anonymous_44)
FNDA:0,(anonymous_45)
FNDA:0,(anonymous_46)
FNDA:0,(anonymous_47)
FNDA:0,(anonymous_48)
FNDA:0,(anonymous_49)
FNDA:0,(anonymous_50)
FNDA:0,(anonymous_51)
DA:41,0
DA:42,0
DA:43,0
DA:45,0
DA:46,0
DA:47,0
DA:48,0
DA:49,0
DA:50,0
DA:51,0
DA:52,0
DA:54,0
DA:55,0
DA:58,0
DA:59,0
DA:62,0
DA:63,0
DA:64,0
DA:65,0
DA:66,0
DA:67,0
DA:68,0
DA:71,0
DA:72,0
DA:73,0
DA:74,0
DA:78,0
DA:79,0
DA:80,0
DA:81,0
DA:82,0
DA:83,0
DA:86,0
DA:88,0
DA:89,0
DA:92,0
DA:93,0
DA:94,0
DA:95,0
DA:99,0
DA:100,0
DA:101,0
DA:102,0
DA:105,0
DA:108,0
DA:109,0
DA:115,0
DA:116,0
DA:117,0
DA:118,0
DA:119,0
DA:122,0
DA:123,0
DA:124,0
DA:125,0
DA:126,0
DA:127,0
DA:128,0
DA:131,0
DA:136,0
DA:137,0
DA:138,0
DA:139,0
DA:141,0
DA:145,0
DA:152,0
DA:154,0
DA:155,0
DA:159,0
DA:160,0
DA:163,0
DA:164,0
DA:167,0
DA:168,0
DA:170,0
DA:171,0
DA:172,0
DA:173,0
DA:174,0
DA:175,0
DA:176,0
DA:178,0
DA:179,0
DA:180,0
DA:181,0
DA:182,0
DA:183,0
DA:184,0
DA:188,0
DA:189,0
DA:191,0
DA:192,0
DA:195,0
DA:199,0
DA:201,0
DA:214,0
DA:216,0
DA:217,0
DA:219,0
DA:220,0
DA:224,0
DA:225,0
DA:228,0
DA:229,0
DA:230,0
DA:231,0
DA:234,0
DA:235,0
DA:236,0
DA:239,0
DA:240,0
DA:241,0
DA:242,0
DA:243,0
DA:244,0
DA:246,0
DA:247,0
DA:249,0
DA:254,0
DA:255,0
DA:256,0
DA:259,0
DA:260,0
DA:261,0
DA:262,0
DA:265,0
DA:266,0
DA:267,0
DA:269,0
DA:271,0
DA:272,0
DA:274,0
DA:275,0
DA:278,0
DA:279,0
DA:282,0
DA:285,0
DA:287,0
DA:288,0
DA:291,0
DA:292,0
DA:295,0
DA:296,0
DA:298,0
DA:302,0
DA:303,0
DA:305,0
DA:314,0
DA:315,0
DA:316,0
DA:318,0
DA:320,0
DA:321,0
DA:323,0
DA:324,0
DA:327,0
DA:330,0
DA:332,0
DA:335,0
DA:337,0
DA:341,0
DA:342,0
DA:344,0
DA:352,0
DA:353,0
DA:355,0
DA:356,0
DA:360,0
DA:368,0
DA:369,0
DA:370,0
DA:372,0
DA:373,0
DA:374,0
DA:375,0
DA:381,0
DA:382,0
DA:384,0
DA:392,0
DA:393,0
DA:395,0
DA:396,0
DA:397,0
DA:399,0
DA:400,0
DA:402,0
DA:403,0
DA:408,0
DA:411,0
DA:416,0
DA:420,0
DA:421,0
DA:422,0
DA:423,0
DA:424,0
DA:425,0
DA:427,0
DA:429,0
DA:433,0
DA:438,0
DA:440,0
DA:441,0
DA:442,0
DA:447,0
DA:448,0
DA:454,0
DA:466,0
DA:468,0
DA:469,0
DA:473,0
DA:477,0
DA:478,0
DA:479,0
DA:480,0
DA:483,0
DA:484,0
DA:485,0
DA:487,0
DA:488,0
DA:489,0
DA:492,0
DA:495,0
DA:496,0
DA:503,0
DA:509,0
DA:510,0
DA:512,0
DA:516,0
DA:517,0
DA:518,0
DA:523,0
DA:527,0
DA:528,0
DA:537,0
DA:538,0
DA:539,0
DA:540,0
DA:542,0
DA:543,0
DA:551,0
DA:552,0
DA:554,0
DA:563,0
DA:564,0
DA:565,0
DA:566,0
DA:568,0
DA:569,0
DA:577,0
DA:578,0
DA:585,0
DA:586,0
DA:587,0
DA:588,0
DA:589,0
DA:591,0
DA:592,0
DA:593,0
DA:594,0
DA:596,0
DA:600,0
DA:601,0
DA:612,0
DA:627,0
DA:638,0
DA:690,0
DA:707,0
DA:708,0
DA:709,0
DA:710,0
DA:711,0
DA:712,0
DA:714,0
DA:715,0
DA:716,0
DA:718,0
DA:719,0
DA:750,0
DA:761,0
DA:770,0
DA:783,0
DA:794,0
DA:907,0
DA:970,0
DA:986,0
DA:1035,0
DA:1051,0
DA:1061,0
DA:1097,0
DA:1114,0
DA:1126,0
LF:291
LH:0
BRDA:72,0,0,0
BRDA:72,0,1,0
BRDA:78,1,0,0
BRDA:78,1,1,0
BRDA:81,2,0,0
BRDA:81,2,1,0
BRDA:94,3,0,0
BRDA:94,3,1,0
BRDA:101,4,0,0
BRDA:101,4,1,0
BRDA:118,5,0,0
BRDA:118,5,1,0
BRDA:119,6,0,0
BRDA:119,6,1,0
BRDA:122,7,0,0
BRDA:122,7,1,0
BRDA:122,8,0,0
BRDA:122,8,1,0
BRDA:125,9,0,0
BRDA:125,9,1,0
BRDA:127,10,0,0
BRDA:127,10,1,0
BRDA:127,10,2,0
BRDA:128,11,0,0
BRDA:128,11,1,0
BRDA:137,12,0,0
BRDA:137,12,1,0
BRDA:138,13,0,0
BRDA:138,13,1,0
BRDA:171,14,0,0
BRDA:171,14,1,0
BRDA:172,15,0,0
BRDA:172,15,1,0
BRDA:173,16,0,0
BRDA:173,16,1,0
BRDA:174,17,0,0
BRDA:174,17,1,0
BRDA:176,18,0,0
BRDA:176,18,1,0
BRDA:179,19,0,0
BRDA:179,19,1,0
BRDA:179,19,2,0
BRDA:179,19,3,0
BRDA:179,19,4,0
BRDA:180,20,0,0
BRDA:180,20,1,0
BRDA:182,21,0,0
BRDA:182,21,1,0
BRDA:184,22,0,0
BRDA:184,22,1,0
BRDA:188,23,0,0
BRDA:188,23,1,0
BRDA:189,24,0,0
BRDA:189,24,1,0
BRDA:191,25,0,0
BRDA:191,25,1,0
BRDA:217,26,0,0
BRDA:217,26,1,0
BRDA:229,27,0,0
BRDA:229,27,1,0
BRDA:234,28,0,0
BRDA:234,28,1,0
BRDA:234,29,0,0
BRDA:234,29,1,0
BRDA:234,29,2,0
BRDA:234,29,3,0
BRDA:234,29,4,0
BRDA:240,30,0,0
BRDA:240,30,1,0
BRDA:244,31,0,0
BRDA:244,31,1,0
BRDA:260,32,0,0
BRDA:260,32,1,0
BRDA:274,33,0,0
BRDA:274,33,1,0
BRDA:278,34,0,0
BRDA:278,34,1,0
BRDA:278,35,0,0
BRDA:278,35,1,0
BRDA:296,36,0,0
BRDA:296,36,1,0
BRDA:303,37,0,0
BRDA:303,37,1,0
BRDA:323,38,0,0
BRDA:323,38,1,0
BRDA:342,39,0,0
BRDA:342,39,1,0
BRDA:353,40,0,0
BRDA:353,40,1,0
BRDA:355,41,0,0
BRDA:355,41,1,0
BRDA:356,42,0,0
BRDA:356,42,1,0
BRDA:376,43,0,0
BRDA:376,43,1,0
BRDA:382,44,0,0
BRDA:382,44,1,0
BRDA:393,45,0,0
BRDA:393,45,1,0
BRDA:393,46,0,0
BRDA:393,46,1,0
BRDA:402,47,0,0
BRDA:402,47,1,0
BRDA:405,48,0,0
BRDA:405,48,1,0
BRDA:408,49,0,0
BRDA:408,49,1,0
BRDA:413,50,0,0
BRDA:413,50,1,0
BRDA:421,51,0,0
BRDA:421,51,1,0
BRDA:424,52,0,0
BRDA:424,52,1,0
BRDA:438,53,0,0
BRDA:438,53,1,0
BRDA:438,54,0,0
BRDA:438,54,1,0
BRDA:444,55,0,0
BRDA:444,55,1,0
BRDA:457,56,0,0
BRDA:457,56,1,0
BRDA:468,57,0,0
BRDA:468,57,1,0
BRDA:468,57,2,0
BRDA:471,58,0,0
BRDA:471,58,1,0
BRDA:478,59,0,0
BRDA:478,59,1,0
BRDA:478,60,0,0
BRDA:478,60,1,0
BRDA:510,61,0,0
BRDA:510,61,1,0
BRDA:543,62,0,0
BRDA:543,62,1,0
BRDA:552,63,0,0
BRDA:552,63,1,0
BRDA:569,64,0,0
BRDA:569,64,1,0
BRDA:591,65,0,0
BRDA:591,65,1,0
BRDA:593,66,0,0
BRDA:593,66,1,0
BRDA:600,67,0,0
BRDA:600,67,1,0
BRDA:623,68,0,0
BRDA:623,68,1,0
BRDA:634,69,0,0
BRDA:634,69,1,0
BRDA:674,70,0,0
BRDA:674,70,1,0
BRDA:701,71,0,0
BRDA:701,71,1,0
BRDA:702,72,0,0
BRDA:702,72,1,0
BRDA:702,73,0,0
BRDA:702,73,1,0
BRDA:709,74,0,0
BRDA:709,74,1,0
BRDA:779,75,0,0
BRDA:779,75,1,0
BRDA:790,76,0,0
BRDA:790,76,1,0
BRDA:817,77,0,0
BRDA:817,77,1,0
BRDA:819,78,0,0
BRDA:819,78,1,0
BRDA:823,79,0,0
BRDA:823,79,1,0
BRDA:826,80,0,0
BRDA:826,80,1,0
BRDA:837,81,0,0
BRDA:837,81,1,0
BRDA:839,82,0,0
BRDA:839,82,1,0
BRDA:843,83,0,0
BRDA:843,83,1,0
BRDA:847,84,0,0
BRDA:847,84,1,0
BRDA:848,85,0,0
BRDA:848,85,1,0
BRDA:848,86,0,0
BRDA:848,86,1,0
BRDA:849,87,0,0
BRDA:849,87,1,0
BRDA:862,88,0,0
BRDA:862,88,1,0
BRDA:869,89,0,0
BRDA:869,89,1,0
BRDA:877,90,0,0
BRDA:877,90,1,0
BRDA:881,91,0,0
BRDA:881,91,1,0
BRDA:886,92,0,0
BRDA:886,92,1,0
BRDA:895,93,0,0
BRDA:895,93,1,0
BRDA:896,94,0,0
BRDA:896,94,1,0
BRDA:897,95,0,0
BRDA:897,95,1,0
BRDA:899,96,0,0
BRDA:899,96,1,0
BRDA:902,97,0,0
BRDA:902,97,1,0
BRDA:909,98,0,0
BRDA:909,98,1,0
BRDA:952,99,0,0
BRDA:952,99,1,0
BRDA:956,100,0,0
BRDA:956,100,1,0
BRDA:1017,101,0,0
BRDA:1017,101,1,0
BRDA:1021,102,0,0
BRDA:1021,102,1,0
BRDA:1098,103,0,0
BRDA:1098,103,1,0
BRDA:1102,104,0,0
BRDA:1102,104,1,0
BRDA:1109,105,0,0
BRDA:1109,105,1,0
BRDA:1115,106,0,0
BRDA:1115,106,1,0
BRF:222
BRH:0
end_of_record
TN:
SF:app\patient\edit-profile.tsx
FN:12,EditProfileScreen
FN:15,(anonymous_1)
FN:22,(anonymous_2)
FN:28,(anonymous_3)
FN:32,(anonymous_4)
FN:56,(anonymous_5)
FN:66,(anonymous_6)
FN:85,(anonymous_7)
FN:95,(anonymous_8)
FN:124,(anonymous_9)
FN:155,(anonymous_10)
FNF:11
FNH:0
FNDA:0,EditProfileScreen
FNDA:0,(anonymous_1)
FNDA:0,(anonymous_2)
FNDA:0,(anonymous_3)
FNDA:0,(anonymous_4)
FNDA:0,(anonymous_5)
FNDA:0,(anonymous_6)
FNDA:0,(anonymous_7)
FNDA:0,(anonymous_8)
FNDA:0,(anonymous_9)
FNDA:0,(anonymous_10)
DA:13,0
DA:14,0
DA:15,0
DA:17,0
DA:18,0
DA:19,0
DA:20,0
DA:22,0
DA:23,0
DA:24,0
DA:28,0
DA:32,0
DA:33,0
DA:34,0
DA:35,0
DA:36,0
DA:37,0
DA:40,0
DA:41,0
DA:42,0
DA:43,0
DA:46,0
DA:47,0
DA:50,0
DA:51,0
DA:52,0
DA:56,0
DA:57,0
DA:58,0
DA:61,0
DA:66,0
DA:85,0
DA:95,0
DA:125,0
DA:126,0
DA:155,0
DA:166,0
LF:37
LH:0
BRDA:17,0,0,0
BRDA:17,0,1,0
BRDA:23,1,0,0
BRDA:23,1,1,0
BRDA:23,2,0,0
BRDA:23,2,1,0
BRDA:23,3,0,0
BRDA:23,3,1,0
BRDA:28,4,0,0
BRDA:28,4,1,0
BRDA:34,5,0,0
BRDA:34,5,1,0
BRDA:46,6,0,0
BRDA:46,6,1,0
BRDA:50,7,0,0
BRDA:50,7,1,0
BRDA:50,8,0,0
BRDA:50,8,1,0
BRDA:57,9,0,0
BRDA:57,9,1,0
BRDA:81,10,0,0
BRDA:81,10,1,0
BRDA:91,11,0,0
BRDA:91,11,1,0
BRDA:109,12,0,0
BRDA:109,12,1,0
BRDA:110,13,0,0
BRDA:110,13,1,0
BRDA:126,14,0,0
BRDA:126,14,1,0
BRDA:146,15,0,0
BRDA:146,15,1,0
BRDA:146,15,2,0
BRDA:148,16,0,0
BRDA:148,16,1,0
BRF:35
BRH:0
end_of_record
TN:
SF:app\patient\home.tsx
FN:49,(anonymous_0)
FN:51,(anonymous_1)
FN:53,(anonymous_2)
FN:58,(anonymous_3)
FN:61,(anonymous_4)
FN:65,(anonymous_5)
FN:67,(anonymous_6)
FN:71,(anonymous_7)
FN:102,HeroCard
FN:110,(anonymous_9)
FN:244,DoseListItem
FN:246,(anonymous_11)
FN:256,(anonymous_12)
FN:322,PatientHome
FN:325,(anonymous_14)
FN:328,(anonymous_15)
FN:329,(anonymous_16)
FN:330,(anonymous_17)
FN:343,(anonymous_18)
FN:344,(anonymous_19)
FN:345,(anonymous_20)
FN:348,(anonymous_21)
FN:353,(anonymous_22)
FN:361,(anonymous_23)
FN:374,(anonymous_24)
FN:374,(anonymous_25)
FN:375,(anonymous_26)
FN:375,(anonymous_27)
FN:375,(anonymous_28)
FN:376,(anonymous_29)
FN:381,(anonymous_30)
FN:398,(anonymous_31)
FN:415,(anonymous_32)
FN:431,(anonymous_33)
FN:478,(anonymous_34)
FN:524,(anonymous_35)
FN:561,(anonymous_36)
FN:583,(anonymous_37)
FN:584,(anonymous_38)
FN:595,(anonymous_39)
FN:632,(anonymous_40)
FN:642,(anonymous_41)
FN:643,(anonymous_42)
FN:648,(anonymous_43)
FN:649,(anonymous_44)
FN:650,(anonymous_45)
FN:654,(anonymous_46)
FN:656,(anonymous_47)
FN:657,(anonymous_48)
FN:658,(anonymous_49)
FN:659,(anonymous_50)
FN:664,(anonymous_51)
FN:670,(anonymous_52)
FN:671,(anonymous_53)
FN:674,(anonymous_54)
FN:678,(anonymous_55)
FN:679,(anonymous_56)
FN:682,(anonymous_57)
FN:686,(anonymous_58)
FN:696,(anonymous_59)
FN:776,(anonymous_60)
FN:816,(anonymous_61)
FN:858,(anonymous_62)
FN:860,(anonymous_63)
FN:861,(anonymous_64)
FN:862,(anonymous_65)
FN:867,(anonymous_66)
FN:869,(anonymous_67)
FN:870,(anonymous_68)
FN:871,(anonymous_69)
FN:872,(anonymous_70)
FN:938,(anonymous_71)
FN:939,(anonymous_72)
FN:948,(anonymous_73)
FN:952,(anonymous_74)
FN:956,(anonymous_75)
FNF:76
FNH:0
FNDA:0,(anonymous_0)
FNDA:0,(anonymous_1)
FNDA:0,(anonymous_2)
FNDA:0,(anonymous_3)
FNDA:0,(anonymous_4)
FNDA:0,(anonymous_5)
FNDA:0,(anonymous_6)
FNDA:0,(anonymous_7)
FNDA:0,HeroCard
FNDA:0,(anonymous_9)
FNDA:0,DoseListItem
FNDA:0,(anonymous_11)
FNDA:0,(anonymous_12)
FNDA:0,PatientHome
FNDA:0,(anonymous_14)
FNDA:0,(anonymous_15)
FNDA:0,(anonymous_16)
FNDA:0,(anonymous_17)
FNDA:0,(anonymous_18)
FNDA:0,(anonymous_19)
FNDA:0,(anonymous_20)
FNDA:0,(anonymous_21)
FNDA:0,(anonymous_22)
FNDA:0,(anonymous_23)
FNDA:0,(anonymous_24)
FNDA:0,(anonymous_25)
FNDA:0,(anonymous_26)
FNDA:0,(anonymous_27)
FNDA:0,(anonymous_28)
FNDA:0,(anonymous_29)
FNDA:0,(anonymous_30)
FNDA:0,(anonymous_31)
FNDA:0,(anonymous_32)
FNDA:0,(anonymous_33)
FNDA:0,(anonymous_34)
FNDA:0,(anonymous_35)
FNDA:0,(anonymous_36)
FNDA:0,(anonymous_37)
FNDA:0,(anonymous_38)
FNDA:0,(anonymous_39)
FNDA:0,(anonymous_40)
FNDA:0,(anonymous_41)
FNDA:0,(anonymous_42)
FNDA:0,(anonymous_43)
FNDA:0,(anonymous_44)
FNDA:0,(anonymous_45)
FNDA:0,(anonymous_46)
FNDA:0,(anonymous_47)
FNDA:0,(anonymous_48)
FNDA:0,(anonymous_49)
FNDA:0,(anonymous_50)
FNDA:0,(anonymous_51)
FNDA:0,(anonymous_52)
FNDA:0,(anonymous_53)
FNDA:0,(anonymous_54)
FNDA:0,(anonymous_55)
FNDA:0,(anonymous_56)
FNDA:0,(anonymous_57)
FNDA:0,(anonymous_58)
FNDA:0,(anonymous_59)
FNDA:0,(anonymous_60)
FNDA:0,(anonymous_61)
FNDA:0,(anonymous_62)
FNDA:0,(anonymous_63)
FNDA:0,(anonymous_64)
FNDA:0,(anonymous_65)
FNDA:0,(anonymous_66)
FNDA:0,(anonymous_67)
FNDA:0,(anonymous_68)
FNDA:0,(anonymous_69)
FNDA:0,(anonymous_70)
FNDA:0,(anonymous_71)
FNDA:0,(anonymous_72)
FNDA:0,(anonymous_73)
FNDA:0,(anonymous_74)
FNDA:0,(anonymous_75)
DA:48,0
DA:49,0
DA:51,0
DA:52,0
DA:53,0
DA:54,0
DA:55,0
DA:58,0
DA:59,0
DA:60,0
DA:61,0
DA:62,0
DA:65,0
DA:66,0
DA:67,0
DA:68,0
DA:71,0
DA:72,0
DA:73,0
DA:102,0
DA:108,0
DA:110,0
DA:111,0
DA:112,0
DA:113,0
DA:114,0
DA:115,0
DA:118,0
DA:119,0
DA:131,0
DA:198,0
DA:244,0
DA:245,0
DA:246,0
DA:247,0
DA:248,0
DA:249,0
DA:250,0
DA:251,0
DA:252,0
DA:253,0
DA:256,0
DA:257,0
DA:258,0
DA:259,0
DA:260,0
DA:261,0
DA:264,0
DA:296,0
DA:323,0
DA:324,0
DA:325,0
DA:326,0
DA:327,0
DA:328,0
DA:329,0
DA:330,0
DA:334,0
DA:336,0
DA:337,0
DA:338,0
DA:339,0
DA:340,0
DA:341,0
DA:343,0
DA:344,0
DA:345,0
DA:348,0
DA:349,0
DA:350,0
DA:351,0
DA:353,0
DA:354,0
DA:355,0
DA:356,0
DA:361,0
DA:362,0
DA:363,0
DA:364,0
DA:365,0
DA:366,0
DA:367,0
DA:368,0
DA:369,0
DA:370,0
DA:371,0
DA:374,0
DA:375,0
DA:376,0
DA:381,0
DA:382,0
DA:390,0
DA:398,0
DA:399,0
DA:401,0
DA:402,0
DA:403,0
DA:415,0
DA:416,0
DA:417,0
DA:418,0
DA:419,0
DA:431,0
DA:432,0
DA:434,0
DA:435,0
DA:437,0
DA:439,0
DA:453,0
DA:454,0
DA:463,0
DA:464,0
DA:468,0
DA:470,0
DA:471,0
DA:473,0
DA:478,0
DA:479,0
DA:481,0
DA:482,0
DA:484,0
DA:486,0
DA:500,0
DA:501,0
DA:510,0
DA:514,0
DA:516,0
DA:517,0
DA:519,0
DA:524,0
DA:525,0
DA:527,0
DA:530,0
DA:544,0
DA:545,0
DA:554,0
DA:561,0
DA:562,0
DA:563,0
DA:564,0
DA:565,0
DA:566,0
DA:581,0
DA:583,0
DA:584,0
DA:585,0
DA:586,0
DA:588,0
DA:589,0
DA:590,0
DA:591,0
DA:592,0
DA:595,0
DA:597,0
DA:598,0
DA:600,0
DA:601,0
DA:602,0
DA:603,0
DA:604,0
DA:605,0
DA:608,0
DA:609,0
DA:612,0
DA:614,0
DA:632,0
DA:633,0
DA:634,0
DA:635,0
DA:636,0
DA:637,0
DA:642,0
DA:643,0
DA:644,0
DA:648,0
DA:649,0
DA:650,0
DA:654,0
DA:655,0
DA:656,0
DA:657,0
DA:658,0
DA:659,0
DA:660,0
DA:661,0
DA:664,0
DA:665,0
DA:666,0
DA:670,0
DA:671,0
DA:672,0
DA:673,0
DA:674,0
DA:675,0
DA:678,0
DA:679,0
DA:680,0
DA:681,0
DA:682,0
DA:683,0
DA:686,0
DA:687,0
DA:688,0
DA:689,0
DA:691,0
DA:692,0
DA:696,0
DA:697,0
DA:721,0
DA:723,0
DA:724,0
DA:725,0
DA:726,0
DA:727,0
DA:728,0
DA:729,0
DA:736,0
DA:737,0
DA:738,0
DA:739,0
DA:746,0
DA:759,0
DA:765,0
DA:766,0
DA:768,0
DA:770,0
DA:773,0
DA:776,0
DA:777,0
DA:778,0
DA:779,0
DA:780,0
DA:781,0
DA:783,0
DA:784,0
DA:785,0
DA:786,0
DA:787,0
DA:788,0
DA:789,0
DA:791,0
DA:804,0
DA:806,0
DA:807,0
DA:809,0
DA:811,0
DA:813,0
DA:816,0
DA:818,0
DA:821,0
DA:858,0
DA:860,0
DA:861,0
DA:862,0
DA:867,0
DA:869,0
DA:870,0
DA:871,0
DA:872,0
DA:939,0
DA:948,0
DA:952,0
DA:956,0
DA:975,0
LF:264
LH:0
BRDA:52,0,0,0
BRDA:52,0,1,0
BRDA:54,1,0,0
BRDA:54,1,1,0
BRDA:55,2,0,0
BRDA:55,2,1,0
BRDA:61,3,0,0
BRDA:61,3,1,0
BRDA:66,4,0,0
BRDA:66,4,1,0
BRDA:104,5,0,0
BRDA:105,6,0,0
BRDA:105,7,0,0
BRDA:106,8,0,0
BRDA:106,9,0,0
BRDA:108,10,0,0
BRDA:108,10,1,0
BRDA:111,11,0,0
BRDA:111,11,1,0
BRDA:112,12,0,0
BRDA:112,12,1,0
BRDA:113,13,0,0
BRDA:113,13,1,0
BRDA:113,14,0,0
BRDA:113,14,1,0
BRDA:114,15,0,0
BRDA:114,15,1,0
BRDA:114,16,0,0
BRDA:114,16,1,0
BRDA:118,17,0,0
BRDA:118,17,1,0
BRDA:134,18,0,0
BRDA:134,18,1,0
BRDA:149,19,0,0
BRDA:149,19,1,0
BRDA:149,19,2,0
BRDA:151,20,0,0
BRDA:151,20,1,0
BRDA:155,21,0,0
BRDA:155,21,1,0
BRDA:183,22,0,0
BRDA:183,22,1,0
BRDA:186,23,0,0
BRDA:186,23,1,0
BRDA:189,24,0,0
BRDA:189,24,1,0
BRDA:247,25,0,0
BRDA:247,25,1,0
BRDA:248,26,0,0
BRDA:248,26,1,0
BRDA:249,27,0,0
BRDA:249,27,1,0
BRDA:249,28,0,0
BRDA:249,28,1,0
BRDA:250,29,0,0
BRDA:250,29,1,0
BRDA:251,30,0,0
BRDA:251,30,1,0
BRDA:252,31,0,0
BRDA:252,31,1,0
BRDA:257,32,0,0
BRDA:257,32,1,0
BRDA:258,33,0,0
BRDA:258,33,1,0
BRDA:259,34,0,0
BRDA:259,34,1,0
BRDA:259,35,0,0
BRDA:259,35,1,0
BRDA:260,36,0,0
BRDA:260,36,1,0
BRDA:268,37,0,0
BRDA:268,37,1,0
BRDA:269,38,0,0
BRDA:269,38,1,0
BRDA:270,39,0,0
BRDA:270,39,1,0
BRDA:276,40,0,0
BRDA:276,40,1,0
BRDA:280,41,0,0
BRDA:280,41,1,0
BRDA:282,42,0,0
BRDA:282,42,1,0
BRDA:283,43,0,0
BRDA:283,43,1,0
BRDA:287,44,0,0
BRDA:287,44,1,0
BRDA:288,45,0,0
BRDA:288,45,1,0
BRDA:289,46,0,0
BRDA:289,46,1,0
BRDA:334,47,0,0
BRDA:334,47,1,0
BRDA:337,48,0,0
BRDA:337,48,1,0
BRDA:337,49,0,0
BRDA:337,49,1,0
BRDA:349,50,0,0
BRDA:349,50,1,0
BRDA:354,51,0,0
BRDA:354,51,1,0
BRDA:363,52,0,0
BRDA:363,52,1,0
BRDA:365,53,0,0
BRDA:365,53,1,0
BRDA:367,54,0,0
BRDA:367,54,1,0
BRDA:368,55,0,0
BRDA:368,55,1,0
BRDA:368,56,0,0
BRDA:368,56,1,0
BRDA:368,57,0,0
BRDA:368,57,1,0
BRDA:368,58,0,0
BRDA:368,58,1,0
BRDA:370,59,0,0
BRDA:370,59,1,0
BRDA:374,60,0,0
BRDA:374,60,1,0
BRDA:375,61,0,0
BRDA:375,61,1,0
BRDA:391,62,0,0
BRDA:391,62,1,0
BRDA:392,63,0,0
BRDA:392,63,1,0
BRDA:399,64,0,0
BRDA:399,64,1,0
BRDA:399,65,0,0
BRDA:399,65,1,0
BRDA:399,65,2,0
BRDA:399,65,3,0
BRDA:402,66,0,0
BRDA:402,66,1,0
BRDA:405,67,0,0
BRDA:405,67,1,0
BRDA:408,68,0,0
BRDA:408,68,1,0
BRDA:416,69,0,0
BRDA:416,69,1,0
BRDA:416,70,0,0
BRDA:416,70,1,0
BRDA:416,70,2,0
BRDA:416,70,3,0
BRDA:418,71,0,0
BRDA:418,71,1,0
BRDA:421,72,0,0
BRDA:421,72,1,0
BRDA:424,73,0,0
BRDA:424,73,1,0
BRDA:432,74,0,0
BRDA:432,74,1,0
BRDA:437,75,0,0
BRDA:437,75,1,0
BRDA:442,76,0,0
BRDA:442,76,1,0
BRDA:442,77,0,0
BRDA:442,77,1,0
BRDA:442,78,0,0
BRDA:442,78,1,0
BRDA:444,79,0,0
BRDA:444,79,1,0
BRDA:446,80,0,0
BRDA:446,80,1,0
BRDA:453,81,0,0
BRDA:453,81,1,0
BRDA:456,82,0,0
BRDA:456,82,1,0
BRDA:459,83,0,0
BRDA:459,83,1,0
BRDA:479,84,0,0
BRDA:479,84,1,0
BRDA:484,85,0,0
BRDA:484,85,1,0
BRDA:489,86,0,0
BRDA:489,86,1,0
BRDA:489,87,0,0
BRDA:489,87,1,0
BRDA:489,88,0,0
BRDA:489,88,1,0
BRDA:491,89,0,0
BRDA:491,89,1,0
BRDA:493,90,0,0
BRDA:493,90,1,0
BRDA:500,91,0,0
BRDA:500,91,1,0
BRDA:503,92,0,0
BRDA:503,92,1,0
BRDA:506,93,0,0
BRDA:506,93,1,0
BRDA:525,94,0,0
BRDA:525,94,1,0
BRDA:525,95,0,0
BRDA:525,95,1,0
BRDA:525,95,2,0
BRDA:533,96,0,0
BRDA:533,96,1,0
BRDA:533,97,0,0
BRDA:533,97,1,0
BRDA:533,98,0,0
BRDA:533,98,1,0
BRDA:535,99,0,0
BRDA:535,99,1,0
BRDA:537,100,0,0
BRDA:537,100,1,0
BRDA:544,101,0,0
BRDA:544,101,1,0
BRDA:547,102,0,0
BRDA:547,102,1,0
BRDA:550,103,0,0
BRDA:550,103,1,0
BRDA:584,104,0,0
BRDA:584,104,1,0
BRDA:586,105,0,0
BRDA:586,105,1,0
BRDA:597,106,0,0
BRDA:597,106,1,0
BRDA:597,107,0,0
BRDA:597,107,1,0
BRDA:600,108,0,0
BRDA:600,108,1,0
BRDA:600,109,0,0
BRDA:600,109,1,0
BRDA:604,110,0,0
BRDA:604,110,1,0
BRDA:605,111,0,0
BRDA:605,111,1,0
BRDA:612,112,0,0
BRDA:612,112,1,0
BRDA:618,113,0,0
BRDA:618,113,1,0
BRDA:621,114,0,0
BRDA:621,114,1,0
BRDA:622,115,0,0
BRDA:622,115,1,0
BRDA:625,116,0,0
BRDA:625,116,1,0
BRDA:633,117,0,0
BRDA:633,117,1,0
BRDA:633,118,0,0
BRDA:633,118,1,0
BRDA:634,119,0,0
BRDA:634,119,1,0
BRDA:634,120,0,0
BRDA:634,120,1,0
BRDA:635,121,0,0
BRDA:635,121,1,0
BRDA:635,122,0,0
BRDA:635,122,1,0
BRDA:636,123,0,0
BRDA:636,123,1,0
BRDA:636,124,0,0
BRDA:636,124,1,0
BRDA:644,125,0,0
BRDA:644,125,1,0
BRDA:649,126,0,0
BRDA:649,126,1,0
BRDA:656,127,0,0
BRDA:656,127,1,0
BRDA:658,128,0,0
BRDA:658,128,1,0
BRDA:665,129,0,0
BRDA:665,129,1,0
BRDA:672,130,0,0
BRDA:672,130,1,0
BRDA:674,131,0,0
BRDA:674,131,1,0
BRDA:674,132,0,0
BRDA:674,132,1,0
BRDA:680,133,0,0
BRDA:680,133,1,0
BRDA:682,134,0,0
BRDA:682,134,1,0
BRDA:682,135,0,0
BRDA:682,135,1,0
BRDA:682,136,0,0
BRDA:682,136,1,0
BRDA:687,137,0,0
BRDA:687,137,1,0
BRDA:697,138,0,0
BRDA:697,138,1,0
BRDA:697,139,0,0
BRDA:697,139,1,0
BRDA:739,140,0,0
BRDA:739,140,1,0
BRDA:739,141,0,0
BRDA:739,141,1,0
BRDA:754,142,0,0
BRDA:754,142,1,0
BRDA:777,143,0,0
BRDA:777,143,1,0
BRDA:777,144,0,0
BRDA:777,144,1,0
BRDA:781,145,0,0
BRDA:781,145,1,0
BRDA:781,146,0,0
BRDA:781,146,1,0
BRDA:799,147,0,0
BRDA:799,147,1,0
BRDA:818,148,0,0
BRDA:818,148,1,0
BRDA:844,149,0,0
BRDA:844,149,1,0
BRDA:845,150,0,0
BRDA:845,150,1,0
BRDA:845,151,0,0
BRDA:845,151,1,0
BRDA:857,152,0,0
BRDA:857,152,1,0
BRDA:866,153,0,0
BRDA:866,153,1,0
BRDA:879,154,0,0
BRDA:879,154,1,0
BRDA:900,155,0,0
BRDA:900,155,1,0
BRDA:928,156,0,0
BRDA:928,156,1,0
BRDA:934,157,0,0
BRDA:934,157,1,0
BRDA:934,158,0,0
BRDA:934,158,1,0
BRF:319
BRH:0
end_of_record
TN:
SF:app\patient\settings.tsx
FN:17,PatientSettings
FN:25,(anonymous_1)
FNF:2
FNH:0
FNDA:0,PatientSettings
FNDA:0,(anonymous_1)
DA:18,0
DA:20,0
DA:25,0
DA:34,0
LF:4
LH:0
BRF:0
BRH:0
end_of_record
TN:
SF:app\patient\history\_layout.tsx
FN:4,HistoryLayout
FNF:1
FNH:0
FNDA:0,HistoryLayout
DA:5,0
LF:1
LH:0
BRF:0
BRH:0
end_of_record
TN:
SF:app\patient\history\index.tsx
FN:24,HistoryScreen
FN:27,(anonymous_1)
FN:28,(anonymous_2)
FN:30,(anonymous_3)
FN:37,(anonymous_4)
FN:38,(anonymous_5)
FN:49,(anonymous_6)
FN:52,(anonymous_7)
FN:57,(anonymous_8)
FN:64,(anonymous_9)
FN:65,(anonymous_10)
FN:74,(anonymous_11)
FN:75,(anonymous_12)
FN:76,(anonymous_13)
FN:83,(anonymous_14)
FN:93,(anonymous_15)
FN:98,(anonymous_16)
FN:100,(anonymous_17)
FN:101,(anonymous_18)
FN:104,(anonymous_19)
FN:115,(anonymous_20)
FN:123,(anonymous_21)
FN:127,(anonymous_22)
FN:129,(anonymous_23)
FN:184,(anonymous_24)
FN:200,(anonymous_25)
FN:203,(anonymous_26)
FN:219,(anonymous_27)
FN:235,(anonymous_28)
FN:246,(anonymous_29)
FNF:30
FNH:0
FNDA:0,HistoryScreen
FNDA:0,(anonymous_1)
FNDA:0,(anonymous_2)
FNDA:0,(anonymous_3)
FNDA:0,(anonymous_4)
FNDA:0,(anonymous_5)
FNDA:0,(anonymous_6)
FNDA:0,(anonymous_7)
FNDA:0,(anonymous_8)
FNDA:0,(anonymous_9)
FNDA:0,(anonymous_10)
FNDA:0,(anonymous_11)
FNDA:0,(anonymous_12)
FNDA:0,(anonymous_13)
FNDA:0,(anonymous_14)
FNDA:0,(anonymous_15)
FNDA:0,(anonymous_16)
FNDA:0,(anonymous_17)
FNDA:0,(anonymous_18)
FNDA:0,(anonymous_19)
FNDA:0,(anonymous_20)
FNDA:0,(anonymous_21)
FNDA:0,(anonymous_22)
FNDA:0,(anonymous_23)
FNDA:0,(anonymous_24)
FNDA:0,(anonymous_25)
FNDA:0,(anonymous_26)
FNDA:0,(anonymous_27)
FNDA:0,(anonymous_28)
FNDA:0,(anonymous_29)
DA:25,0
DA:26,0
DA:27,0
DA:28,0
DA:30,0
DA:31,0
DA:32,0
DA:33,0
DA:35,0
DA:37,0
DA:38,0
DA:39,0
DA:40,0
DA:41,0
DA:46,0
DA:49,0
DA:50,0
DA:51,0
DA:52,0
DA:53,0
DA:57,0
DA:58,0
DA:59,0
DA:64,0
DA:65,0
DA:66,0
DA:67,0
DA:68,0
DA:69,0
DA:74,0
DA:75,0
DA:76,0
DA:77,0
DA:83,0
DA:84,0
DA:85,0
DA:86,0
DA:88,0
DA:89,0
DA:92,0
DA:93,0
DA:98,0
DA:100,0
DA:101,0
DA:104,0
DA:105,0
DA:106,0
DA:107,0
DA:108,0
DA:111,0
DA:115,0
DA:116,0
DA:117,0
DA:123,0
DA:124,0
DA:127,0
DA:129,0
DA:130,0
DA:135,0
DA:136,0
DA:141,0
DA:142,0
DA:148,0
DA:153,0
DA:154,0
DA:166,0
DA:167,0
DA:179,0
DA:184,0
DA:201,0
DA:204,0
DA:219,0
DA:235,0
DA:246,0
DA:265,0
LF:75
LH:0
BRDA:50,0,0,0
BRDA:50,0,1,0
BRDA:50,1,0,0
BRDA:50,1,1,0
BRDA:58,2,0,0
BRDA:58,2,1,0
BRDA:58,3,0,0
BRDA:58,3,1,0
BRDA:66,4,0,0
BRDA:66,4,1,0
BRDA:67,5,0,0
BRDA:67,5,1,0
BRDA:68,6,0,0
BRDA:68,6,1,0
BRDA:79,7,0,0
BRDA:79,7,1,0
BRDA:85,8,0,0
BRDA:85,8,1,0
BRDA:106,9,0,0
BRDA:106,9,1,0
BRDA:135,10,0,0
BRDA:135,10,1,0
BRDA:141,11,0,0
BRDA:141,11,1,0
BRDA:153,12,0,0
BRDA:153,12,1,0
BRDA:153,13,0,0
BRDA:153,13,1,0
BRDA:159,14,0,0
BRDA:159,14,1,0
BRDA:166,15,0,0
BRDA:166,15,1,0
BRDA:196,16,0,0
BRDA:196,16,1,0
BRDA:215,17,0,0
BRDA:215,17,1,0
BRF:36
BRH:0
end_of_record
TN:
SF:app\patient\medications\[id].tsx
FN:14,MedicationDetailScreen
FN:19,(anonymous_1)
FN:20,(anonymous_2)
FN:21,(anonymous_3)
FN:27,(anonymous_4)
FN:32,(anonymous_5)
FN:37,(anonymous_6)
FN:55,(anonymous_7)
FN:63,(anonymous_8)
FN:134,(anonymous_9)
FN:146,(anonymous_10)
FN:157,(anonymous_11)
FN:191,(anonymous_12)
FN:203,(anonymous_13)
FNF:14
FNH:0
FNDA:0,MedicationDetailScreen
FNDA:0,(anonymous_1)
FNDA:0,(anonymous_2)
FNDA:0,(anonymous_3)
FNDA:0,(anonymous_4)
FNDA:0,(anonymous_5)
FNDA:0,(anonymous_6)
FNDA:0,(anonymous_7)
FNDA:0,(anonymous_8)
FNDA:0,(anonymous_9)
FNDA:0,(anonymous_10)
FNDA:0,(anonymous_11)
FNDA:0,(anonymous_12)
FNDA:0,(anonymous_13)
DA:15,0
DA:16,0
DA:17,0
DA:18,0
DA:19,0
DA:20,0
DA:21,0
DA:23,0
DA:24,0
DA:27,0
DA:28,0
DA:32,0
DA:33,0
DA:37,0
DA:38,0
DA:39,0
DA:42,0
DA:43,0
DA:44,0
DA:45,0
DA:46,0
DA:48,0
DA:49,0
DA:50,0
DA:55,0
DA:57,0
DA:58,0
DA:63,0
DA:64,0
DA:65,0
DA:66,0
DA:69,0
DA:71,0
DA:74,0
DA:75,0
DA:78,0
DA:79,0
DA:82,0
DA:83,0
DA:86,0
DA:87,0
DA:90,0
DA:91,0
DA:95,0
DA:96,0
DA:97,0
DA:101,0
DA:102,0
DA:103,0
DA:104,0
DA:108,0
DA:109,0
DA:113,0
DA:114,0
DA:115,0
DA:119,0
DA:122,0
DA:123,0
DA:125,0
DA:128,0
DA:134,0
DA:146,0
DA:147,0
DA:151,0
DA:152,0
DA:157,0
DA:167,0
DA:168,0
DA:186,0
DA:191,0
DA:203,0
DA:209,0
LF:72
LH:0
BRDA:16,0,0,0
BRDA:16,0,1,0
BRDA:38,1,0,0
BRDA:38,1,1,0
BRDA:50,2,0,0
BRDA:50,2,1,0
BRDA:57,3,0,0
BRDA:57,3,1,0
BRDA:64,4,0,0
BRDA:64,4,1,0
BRDA:74,5,0,0
BRDA:74,5,1,0
BRDA:78,6,0,0
BRDA:78,6,1,0
BRDA:82,7,0,0
BRDA:82,7,1,0
BRDA:86,8,0,0
BRDA:86,8,1,0
BRDA:90,9,0,0
BRDA:90,9,1,0
BRDA:96,10,0,0
BRDA:96,10,1,0
BRDA:101,11,0,0
BRDA:101,11,1,0
BRDA:103,12,0,0
BRDA:103,12,1,0
BRDA:108,13,0,0
BRDA:108,13,1,0
BRDA:108,14,0,0
BRDA:108,14,1,0
BRDA:108,14,2,0
BRDA:108,14,3,0
BRDA:109,15,0,0
BRDA:109,15,1,0
BRDA:113,16,0,0
BRDA:113,16,1,0
BRDA:130,17,0,0
BRDA:130,17,1,0
BRDA:151,18,0,0
BRDA:151,18,1,0
BRDA:167,19,0,0
BRDA:167,19,1,0
BRF:42
BRH:0
end_of_record
TN:
SF:app\patient\medications\_layout.tsx
FN:7,MedicationsLayout
FNF:1
FNH:0
FNDA:0,MedicationsLayout
DA:8,0
LF:1
LH:0
BRF:0
BRH:0
end_of_record
TN:
SF:app\patient\medications\add.tsx
FN:14,AddMedicationScreen
FN:17,(anonymous_1)
FN:21,(anonymous_2)
FN:26,(anonymous_3)
FN:63,(anonymous_4)
FN:77,(anonymous_5)
FN:91,(anonymous_6)
FNF:7
FNH:0
FNDA:0,AddMedicationScreen
FNDA:0,(anonymous_1)
FNDA:0,(anonymous_2)
FNDA:0,(anonymous_3)
FNDA:0,(anonymous_4)
FNDA:0,(anonymous_5)
FNDA:0,(anonymous_6)
DA:15,0
DA:16,0
DA:17,0
DA:18,0
DA:21,0
DA:22,0
DA:26,0
DA:27,0
DA:28,0
DA:29,0
DA:32,0
DA:34,0
DA:36,0
DA:54,0
DA:57,0
DA:63,0
DA:68,0
DA:71,0
DA:77,0
DA:86,0
DA:91,0
DA:92,0
DA:95,0
DA:113,0
LF:24
LH:0
BRDA:27,0,0,0
BRDA:27,0,1,0
BRDA:44,1,0,0
BRDA:44,1,1,0
BRDA:73,2,0,0
BRDA:73,2,1,0
BRF:6
BRH:0
end_of_record
TN:
SF:app\patient\medications\index.tsx
FN:15,MedicationsIndex
FN:18,(anonymous_1)
FN:19,(anonymous_2)
FN:24,(anonymous_3)
FN:28,(anonymous_4)
FN:29,(anonymous_5)
FN:46,(anonymous_6)
FN:50,(anonymous_7)
FN:56,(anonymous_8)
FN:58,(anonymous_9)
FN:63,(anonymous_10)
FN:68,(anonymous_11)
FN:75,(anonymous_12)
FN:101,(anonymous_13)
FN:112,(anonymous_14)
FN:128,(anonymous_15)
FN:130,(anonymous_16)
FN:146,(anonymous_17)
FN:148,(anonymous_18)
FN:162,(anonymous_19)
FN:164,(anonymous_20)
FN:168,(anonymous_21)
FNF:22
FNH:0
FNDA:0,MedicationsIndex
FNDA:0,(anonymous_1)
FNDA:0,(anonymous_2)
FNDA:0,(anonymous_3)
FNDA:0,(anonymous_4)
FNDA:0,(anonymous_5)
FNDA:0,(anonymous_6)
FNDA:0,(anonymous_7)
FNDA:0,(anonymous_8)
FNDA:0,(anonymous_9)
FNDA:0,(anonymous_10)
FNDA:0,(anonymous_11)
FNDA:0,(anonymous_12)
FNDA:0,(anonymous_13)
FNDA:0,(anonymous_14)
FNDA:0,(anonymous_15)
FNDA:0,(anonymous_16)
FNDA:0,(anonymous_17)
FNDA:0,(anonymous_18)
FNDA:0,(anonymous_19)
FNDA:0,(anonymous_20)
FNDA:0,(anonymous_21)
DA:16,0
DA:17,0
DA:18,0
DA:19,0
DA:20,0
DA:21,0
DA:22,0
DA:24,0
DA:25,0
DA:28,0
DA:29,0
DA:30,0
DA:31,0
DA:32,0
DA:33,0
DA:34,0
DA:35,0
DA:37,0
DA:41,0
DA:43,0
DA:46,0
DA:47,0
DA:50,0
DA:51,0
DA:52,0
DA:53,0
DA:56,0
DA:57,0
DA:58,0
DA:59,0
DA:60,0
DA:63,0
DA:64,0
DA:65,0
DA:68,0
DA:75,0
DA:76,0
DA:101,0
DA:102,0
DA:112,0
DA:122,0
DA:123,0
DA:128,0
DA:130,0
DA:140,0
DA:141,0
DA:146,0
DA:148,0
DA:157,0
DA:162,0
DA:164,0
DA:168,0
DA:191,0
LF:53
LH:0
BRDA:25,0,0,0
BRDA:25,0,1,0
BRDA:32,1,0,0
BRDA:32,1,1,0
BRDA:32,2,0,0
BRDA:32,2,1,0
BRDA:35,3,0,0
BRDA:35,3,1,0
BRDA:43,4,0,0
BRDA:43,4,1,0
BRDA:47,5,0,0
BRDA:47,5,1,0
BRDA:52,6,0,0
BRDA:52,6,1,0
BRDA:58,7,0,0
BRDA:58,7,1,0
BRDA:88,8,0,0
BRDA:88,8,1,0
BRDA:122,9,0,0
BRDA:122,9,1,0
BRDA:122,10,0,0
BRDA:122,10,1,0
BRDA:140,11,0,0
BRDA:140,11,1,0
BRDA:171,12,0,0
BRDA:171,12,1,0
BRF:26
BRH:0
end_of_record
TN:
SF:functions\.eslintrc.js
FNF:0
FNH:0
DA:1,0
LF:1
LH:0
BRF:0
BRH:0
end_of_record
TN:
SF:functions\src\ai.ts
FN:15,(anonymous_9)
FN:21,(anonymous_10)
FN:27,(anonymous_11)
FN:33,(anonymous_12)
FN:46,(anonymous_13)
FN:71,(anonymous_14)
FN:85,(anonymous_15)
FN:97,(anonymous_16)
FN:111,(anonymous_17)
FN:121,(anonymous_18)
FNF:10
FNH:0
FNDA:0,(anonymous_9)
FNDA:0,(anonymous_10)
FNDA:0,(anonymous_11)
FNDA:0,(anonymous_12)
FNDA:0,(anonymous_13)
FNDA:0,(anonymous_14)
FNDA:0,(anonymous_15)
FNDA:0,(anonymous_16)
FNDA:0,(anonymous_17)
FNDA:0,(anonymous_18)
DA:1,0
DA:2,0
DA:3,0
DA:4,0
DA:15,0
DA:16,0
DA:17,0
DA:18,0
DA:21,0
DA:22,0
DA:23,0
DA:24,0
DA:27,0
DA:28,0
DA:33,0
DA:36,0
DA:47,0
DA:51,0
DA:52,0
DA:53,0
DA:54,0
DA:56,0
DA:60,0
DA:72,0
DA:73,0
DA:76,0
DA:77,0
DA:78,0
DA:79,0
DA:81,0
DA:85,0
DA:86,0
DA:87,0
DA:88,0
DA:89,0
DA:91,0
DA:92,0
DA:94,0
DA:95,0
DA:97,0
DA:98,0
DA:100,0
DA:108,0
DA:111,0
DA:112,0
DA:113,0
DA:115,0
DA:116,0
DA:117,0
DA:119,0
DA:120,0
DA:121,0
DA:123,0
DA:125,0
DA:133,0
LF:55
LH:0
BRDA:17,0,0,0
BRDA:17,0,1,0
BRDA:18,1,0,0
BRDA:18,1,1,0
BRDA:23,2,0,0
BRDA:23,2,1,0
BRDA:24,3,0,0
BRDA:24,3,1,0
BRDA:72,4,0,0
BRDA:72,4,1,0
BRDA:86,5,0,0
BRDA:86,5,1,0
BRDA:86,6,0,0
BRDA:86,6,1,0
BRDA:86,7,0,0
BRDA:86,7,1,0
BRDA:87,8,0,0
BRDA:87,8,1,0
BRDA:89,9,0,0
BRDA:89,9,1,0
BRDA:91,10,0,0
BRDA:91,10,1,0
BRDA:91,11,0,0
BRDA:91,11,1,0
BRDA:91,12,0,0
BRDA:91,12,1,0
BRDA:92,13,0,0
BRDA:92,13,1,0
BRDA:97,14,0,0
BRDA:97,14,1,0
BRDA:112,15,0,0
BRDA:112,15,1,0
BRDA:112,16,0,0
BRDA:112,16,1,0
BRDA:112,17,0,0
BRDA:112,17,1,0
BRDA:113,18,0,0
BRDA:113,18,1,0
BRDA:115,19,0,0
BRDA:115,19,1,0
BRDA:115,20,0,0
BRDA:115,20,1,0
BRDA:115,21,0,0
BRDA:115,21,1,0
BRDA:116,22,0,0
BRDA:116,22,1,0
BRDA:116,23,0,0
BRDA:116,23,1,0
BRDA:116,24,0,0
BRDA:116,24,1,0
BRDA:117,25,0,0
BRDA:117,25,1,0
BRDA:117,26,0,0
BRDA:117,26,1,0
BRDA:121,27,0,0
BRDA:121,27,1,0
BRDA:128,28,0,0
BRDA:128,28,1,0
BRDA:128,29,0,0
BRDA:128,29,1,0
BRDA:128,30,0,0
BRDA:128,30,1,0
BRF:62
BRH:0
end_of_record
TN:
SF:functions\src\genkit-sample.ts
FN:41,(anonymous_7)
FNF:1
FNH:0
FNDA:0,(anonymous_7)
DA:2,0
DA:3,0
DA:7,0
DA:13,0
DA:18,0
DA:19,0
DA:23,0
DA:24,0
DA:26,0
DA:36,0
DA:44,0
DA:45,0
DA:53,0
DA:54,0
DA:61,0
DA:65,0
LF:16
LH:0
BRF:0
BRH:0
end_of_record
TN:
SF:functions\src\index.ts
FN:48,resolveOwnerUserId
FN:79,(anonymous_10)
FN:151,(anonymous_11)
FN:231,(anonymous_12)
FN:281,(anonymous_13)
FN:301,(anonymous_14)
FN:302,(anonymous_15)
FN:329,(anonymous_16)
FN:330,(anonymous_17)
FN:352,(anonymous_18)
FN:378,(anonymous_19)
FN:429,(anonymous_20)
FN:572,(anonymous_21)
FN:605,(anonymous_22)
FN:606,(anonymous_23)
FN:627,(anonymous_24)
FN:628,(anonymous_25)
FN:726,(anonymous_26)
FN:868,(anonymous_27)
FN:962,(anonymous_28)
FN:1000,(anonymous_29)
FN:1048,(anonymous_30)
FN:1141,(anonymous_31)
FN:1219,(anonymous_32)
FN:1339,(anonymous_33)
FN:1374,(anonymous_34)
FN:1388,(anonymous_35)
FN:1402,(anonymous_36)
FN:1405,(anonymous_37)
FN:1429,(anonymous_38)
FN:1437,(anonymous_39)
FN:1526,(anonymous_40)
FN:1573,(anonymous_41)
FN:1610,(anonymous_42)
FN:1661,(anonymous_43)
FN:1692,(anonymous_44)
FN:1765,(anonymous_45)
FN:1786,(anonymous_46)
FN:1808,(anonymous_47)
FN:1840,(anonymous_48)
FN:1888,(anonymous_49)
FN:1921,(anonymous_50)
FN:1973,(anonymous_51)
FN:1998,(anonymous_52)
FNF:44
FNH:0
FNDA:0,resolveOwnerUserId
FNDA:0,(anonymous_10)
FNDA:0,(anonymous_11)
FNDA:0,(anonymous_12)
FNDA:0,(anonymous_13)
FNDA:0,(anonymous_14)
FNDA:0,(anonymous_15)
FNDA:0,(anonymous_16)
FNDA:0,(anonymous_17)
FNDA:0,(anonymous_18)
FNDA:0,(anonymous_19)
FNDA:0,(anonymous_20)
FNDA:0,(anonymous_21)
FNDA:0,(anonymous_22)
FNDA:0,(anonymous_23)
FNDA:0,(anonymous_24)
FNDA:0,(anonymous_25)
FNDA:0,(anonymous_26)
FNDA:0,(anonymous_27)
FNDA:0,(anonymous_28)
FNDA:0,(anonymous_29)
FNDA:0,(anonymous_30)
FNDA:0,(anonymous_31)
FNDA:0,(anonymous_32)
FNDA:0,(anonymous_33)
FNDA:0,(anonymous_34)
FNDA:0,(anonymous_35)
FNDA:0,(anonymous_36)
FNDA:0,(anonymous_37)
FNDA:0,(anonymous_38)
FNDA:0,(anonymous_39)
FNDA:0,(anonymous_40)
FNDA:0,(anonymous_41)
FNDA:0,(anonymous_42)
FNDA:0,(anonymous_43)
FNDA:0,(anonymous_44)
FNDA:0,(anonymous_45)
FNDA:0,(anonymous_46)
FNDA:0,(anonymous_47)
FNDA:0,(anonymous_48)
FNDA:0,(anonymous_49)
FNDA:0,(anonymous_50)
FNDA:0,(anonymous_51)
FNDA:0,(anonymous_52)
DA:10,0
DA:11,0
DA:12,0
DA:13,0
DA:14,0
DA:15,0
DA:16,0
DA:33,0
DA:36,0
DA:37,0
DA:40,0
DA:41,0
DA:42,0
DA:43,0
DA:44,0
DA:46,0
DA:50,0
DA:51,0
DA:52,0
DA:53,0
DA:54,0
DA:55,0
DA:56,0
DA:60,0
DA:67,0
DA:68,0
DA:69,0
DA:70,0
DA:72,0
DA:76,0
DA:79,0
DA:80,0
DA:81,0
DA:82,0
DA:84,0
DA:86,0
DA:87,0
DA:90,0
DA:91,0
DA:92,0
DA:93,0
DA:96,0
DA:97,0
DA:98,0
DA:102,0
DA:103,0
DA:104,0
DA:105,0
DA:106,0
DA:108,0
DA:113,0
DA:114,0
DA:115,0
DA:118,0
DA:120,0
DA:121,0
DA:136,0
DA:137,0
DA:143,0
DA:144,0
DA:145,0
DA:147,0
DA:151,0
DA:152,0
DA:153,0
DA:154,0
DA:158,0
DA:159,0
DA:160,0
DA:161,0
DA:162,0
DA:163,0
DA:167,0
DA:168,0
DA:169,0
DA:170,0
DA:173,0
DA:174,0
DA:175,0
DA:177,0
DA:178,0
DA:179,0
DA:183,0
DA:184,0
DA:185,0
DA:187,0
DA:195,0
DA:196,0
DA:197,0
DA:198,0
DA:199,0
DA:200,0
DA:201,0
DA:204,0
DA:205,0
DA:215,0
DA:217,0
DA:218,0
DA:231,0
DA:232,0
DA:233,0
DA:235,0
DA:237,0
DA:238,0
DA:241,0
DA:252,0
DA:265,0
DA:266,0
DA:267,0
DA:268,0
DA:272,0
DA:274,0
DA:281,0
DA:282,0
DA:283,0
DA:285,0
DA:286,0
DA:287,0
DA:288,0
DA:291,0
DA:297,0
DA:298,0
DA:300,0
DA:301,0
DA:302,0
DA:304,0
DA:307,0
DA:310,0
DA:319,0
DA:320,0
DA:321,0
DA:322,0
DA:323,0
DA:324,0
DA:325,0
DA:326,0
DA:327,0
DA:329,0
DA:330,0
DA:332,0
DA:333,0
DA:335,0
DA:339,0
DA:342,0
DA:344,0
DA:352,0
DA:353,0
DA:355,0
DA:356,0
DA:357,0
DA:359,0
DA:361,0
DA:362,0
DA:363,0
DA:365,0
DA:366,0
DA:367,0
DA:369,0
DA:378,0
DA:379,0
DA:380,0
DA:384,0
DA:391,0
DA:392,0
DA:393,0
DA:394,0
DA:395,0
DA:396,0
DA:399,0
DA:400,0
DA:416,0
DA:418,0
DA:429,0
DA:430,0
DA:431,0
DA:432,0
DA:434,0
DA:435,0
DA:436,0
DA:437,0
DA:438,0
DA:440,0
DA:442,0
DA:443,0
DA:444,0
DA:447,0
DA:457,0
DA:460,0
DA:461,0
DA:462,0
DA:463,0
DA:469,0
DA:470,0
DA:472,0
DA:473,0
DA:474,0
DA:476,0
DA:478,0
DA:479,0
DA:480,0
DA:483,0
DA:499,0
DA:500,0
DA:501,0
DA:502,0
DA:504,0
DA:505,0
DA:519,0
DA:525,0
DA:532,0
DA:540,0
DA:548,0
DA:554,0
DA:562,0
DA:564,0
DA:572,0
DA:573,0
DA:575,0
DA:576,0
DA:577,0
DA:578,0
DA:580,0
DA:581,0
DA:582,0
DA:584,0
DA:585,0
DA:586,0
DA:588,0
DA:589,0
DA:590,0
DA:591,0
DA:592,0
DA:595,0
DA:601,0
DA:602,0
DA:604,0
DA:605,0
DA:606,0
DA:608,0
DA:611,0
DA:614,0
DA:617,0
DA:618,0
DA:619,0
DA:620,0
DA:621,0
DA:622,0
DA:623,0
DA:624,0
DA:625,0
DA:627,0
DA:628,0
DA:630,0
DA:631,0
DA:633,0
DA:637,0
DA:644,0
DA:647,0
DA:726,0
DA:727,0
DA:728,0
DA:729,0
DA:731,0
DA:732,0
DA:733,0
DA:734,0
DA:738,0
DA:740,0
DA:741,0
DA:742,0
DA:743,0
DA:744,0
DA:745,0
DA:746,0
DA:747,0
DA:748,0
DA:752,0
DA:753,0
DA:754,0
DA:756,0
DA:757,0
DA:774,0
DA:776,0
DA:868,0
DA:869,0
DA:870,0
DA:872,0
DA:873,0
DA:874,0
DA:877,0
DA:878,0
DA:879,0
DA:880,0
DA:881,0
DA:882,0
DA:884,0
DA:885,0
DA:886,0
DA:889,0
DA:891,0
DA:892,0
DA:893,0
DA:895,0
DA:896,0
DA:903,0
DA:907,0
DA:911,0
DA:942,0
DA:951,0
DA:960,0
DA:961,0
DA:962,0
DA:963,0
DA:964,0
DA:968,0
DA:969,0
DA:970,0
DA:974,0
DA:982,0
DA:1000,0
DA:1001,0
DA:1002,0
DA:1003,0
DA:1006,0
DA:1007,0
DA:1010,0
DA:1012,0
DA:1013,0
DA:1014,0
DA:1015,0
DA:1016,0
DA:1020,0
DA:1021,0
DA:1022,0
DA:1023,0
DA:1026,0
DA:1027,0
DA:1030,0
DA:1035,0
DA:1036,0
DA:1037,0
DA:1041,0
DA:1042,0
DA:1043,0
DA:1045,0
DA:1046,0
DA:1047,0
DA:1048,0
DA:1051,0
DA:1053,0
DA:1054,0
DA:1055,0
DA:1056,0
DA:1058,0
DA:1059,0
DA:1061,0
DA:1064,0
DA:1065,0
DA:1066,0
DA:1067,0
DA:1072,0
DA:1073,0
DA:1074,0
DA:1078,0
DA:1087,0
DA:1088,0
DA:1094,0
DA:1098,0
DA:1099,0
DA:1103,0
DA:1116,0
DA:1126,0
DA:1127,0
DA:1129,0
DA:1133,0
DA:1141,0
DA:1142,0
DA:1143,0
DA:1144,0
DA:1147,0
DA:1148,0
DA:1151,0
DA:1153,0
DA:1154,0
DA:1155,0
DA:1156,0
DA:1157,0
DA:1161,0
DA:1169,0
DA:1170,0
DA:1171,0
DA:1174,0
DA:1175,0
DA:1178,0
DA:1179,0
DA:1183,0
DA:1184,0
DA:1186,0
DA:1193,0
DA:1202,0
DA:1203,0
DA:1207,0
DA:1211,0
DA:1219,0
DA:1220,0
DA:1221,0
DA:1223,0
DA:1224,0
DA:1225,0
DA:1228,0
DA:1229,0
DA:1230,0
DA:1231,0
DA:1232,0
DA:1235,0
DA:1236,0
DA:1239,0
DA:1241,0
DA:1242,0
DA:1243,0
DA:1246,0
DA:1247,0
DA:1248,0
DA:1249,0
DA:1250,0
DA:1255,0
DA:1256,0
DA:1258,0
DA:1274,0
DA:1284,0
DA:1285,0
DA:1286,0
DA:1287,0
DA:1288,0
DA:1289,0
DA:1290,0
DA:1296,0
DA:1297,0
DA:1298,0
DA:1307,0
DA:1308,0
DA:1327,0
DA:1339,0
DA:1340,0
DA:1341,0
DA:1342,0
DA:1345,0
DA:1346,0
DA:1348,0
DA:1349,0
DA:1352,0
DA:1354,0
DA:1356,0
DA:1363,0
DA:1364,0
DA:1368,0
DA:1374,0
DA:1377,0
DA:1380,0
DA:1387,0
DA:1388,0
DA:1389,0
DA:1390,0
DA:1391,0
DA:1397,0
DA:1399,0
DA:1402,0
DA:1403,0
DA:1405,0
DA:1406,0
DA:1407,0
DA:1408,0
DA:1410,0
DA:1411,0
DA:1413,0
DA:1414,0
DA:1415,0
DA:1416,0
DA:1418,0
DA:1422,0
DA:1429,0
DA:1437,0
DA:1438,0
DA:1439,0
DA:1440,0
DA:1443,0
DA:1444,0
DA:1445,0
DA:1448,0
DA:1451,0
DA:1452,0
DA:1453,0
DA:1455,0
DA:1456,0
DA:1459,0
DA:1460,0
DA:1461,0
DA:1463,0
DA:1464,0
DA:1465,0
DA:1468,0
DA:1475,0
DA:1476,0
DA:1479,0
DA:1480,0
DA:1481,0
DA:1484,0
DA:1495,0
DA:1496,0
DA:1502,0
DA:1504,0
DA:1510,0
DA:1511,0
DA:1512,0
DA:1519,0
DA:1526,0
DA:1527,0
DA:1528,0
DA:1530,0
DA:1531,0
DA:1533,0
DA:1536,0
DA:1539,0
DA:1540,0
DA:1542,0
DA:1543,0
DA:1547,0
DA:1550,0
DA:1557,0
DA:1558,0
DA:1559,0
DA:1560,0
DA:1566,0
DA:1573,0
DA:1574,0
DA:1575,0
DA:1577,0
DA:1578,0
DA:1581,0
DA:1582,0
DA:1583,0
DA:1586,0
DA:1587,0
DA:1590,0
DA:1597,0
DA:1602,0
DA:1610,0
DA:1611,0
DA:1612,0
DA:1614,0
DA:1615,0
DA:1617,0
DA:1620,0
DA:1621,0
DA:1623,0
DA:1624,0
DA:1625,0
DA:1630,0
DA:1635,0
DA:1641,0
DA:1642,0
DA:1645,0
DA:1661,0
DA:1662,0
DA:1663,0
DA:1665,0
DA:1666,0
DA:1669,0
DA:1670,0
DA:1671,0
DA:1675,0
DA:1676,0
DA:1677,0
DA:1678,0
DA:1679,0
DA:1684,0
DA:1686,0
DA:1692,0
DA:1693,0
DA:1694,0
DA:1696,0
DA:1697,0
DA:1700,0
DA:1701,0
DA:1702,0
DA:1705,0
DA:1707,0
DA:1709,0
DA:1710,0
DA:1712,0
DA:1713,0
DA:1714,0
DA:1715,0
DA:1717,0
DA:1718,0
DA:1719,0
DA:1721,0
DA:1722,0
DA:1729,0
DA:1731,0
DA:1733,0
DA:1734,0
DA:1741,0
DA:1743,0
DA:1745,0
DA:1751,0
DA:1753,0
DA:1755,0
DA:1756,0
DA:1759,0
DA:1765,0
DA:1766,0
DA:1767,0
DA:1769,0
DA:1770,0
DA:1772,0
DA:1778,0
DA:1786,0
DA:1787,0
DA:1788,0
DA:1790,0
DA:1791,0
DA:1794,0
DA:1795,0
DA:1796,0
DA:1800,0
DA:1802,0
DA:1808,0
DA:1809,0
DA:1810,0
DA:1812,0
DA:1813,0
DA:1815,0
DA:1816,0
DA:1817,0
DA:1819,0
DA:1829,0
DA:1834,0
DA:1840,0
DA:1841,0
DA:1842,0
DA:1844,0
DA:1845,0
DA:1848,0
DA:1849,0
DA:1850,0
DA:1854,0
DA:1855,0
DA:1858,0
DA:1859,0
DA:1860,0
DA:1861,0
DA:1863,0
DA:1864,0
DA:1865,0
DA:1867,0
DA:1869,0
DA:1871,0
DA:1882,0
DA:1888,0
DA:1889,0
DA:1890,0
DA:1892,0
DA:1893,0
[...]
DA:209,0
DA:210,0
DA:211,0
DA:213,0
DA:214,0
DA:215,0
DA:216,0
DA:217,0
DA:218,0
DA:221,0
DA:222,0
DA:223,0
DA:224,0
DA:225,0
DA:226,0
DA:227,0
DA:228,0
DA:229,0
DA:230,0
DA:231,0
DA:232,0
DA:233,0
DA:234,0
DA:235,0
DA:236,0
DA:237,0
DA:238,0
DA:239,0
DA:240,0
DA:241,0
DA:242,0
DA:243,0
DA:244,0
DA:245,0
DA:246,0
DA:247,0
DA:248,0
DA:249,0
DA:250,0
DA:251,0
DA:252,0
DA:253,0
DA:254,0
DA:255,0
DA:256,0
DA:257,0
DA:258,0
DA:259,0
DA:260,0
DA:261,0
LF:213
LH:0
BRF:0
BRH:0
end_of_record
TN:
SF:tests\unit\test-visual-feedback-interactions.js
FN:20,test
FN:32,fileExists
FN:36,fileContains
FN:41,fileContainsAll
FN:43,(anonymous_4)
FN:50,(anonymous_5)
FN:56,(anonymous_6)
FN:62,(anonymous_7)
FN:68,(anonymous_8)
FN:74,(anonymous_9)
FN:80,(anonymous_10)
FN:90,(anonymous_11)
FN:96,(anonymous_12)
FN:102,(anonymous_13)
FN:108,(anonymous_14)
FN:114,(anonymous_15)
FN:120,(anonymous_16)
FN:130,(anonymous_17)
FN:136,(anonymous_18)
FN:142,(anonymous_19)
FN:148,(anonymous_20)
FN:154,(anonymous_21)
FN:160,(anonymous_22)
FN:166,(anonymous_23)
FN:176,(anonymous_24)
FN:182,(anonymous_25)
FN:188,(anonymous_26)
FN:194,(anonymous_27)
FN:200,(anonymous_28)
FN:210,(anonymous_29)
FN:216,(anonymous_30)
FN:222,(anonymous_31)
FN:228,(anonymous_32)
FN:234,(anonymous_33)
FN:244,(anonymous_34)
FN:250,(anonymous_35)
FN:256,(anonymous_36)
FN:262,(anonymous_37)
FN:272,(anonymous_38)
FN:278,(anonymous_39)
FN:284,(anonymous_40)
FN:290,(anonymous_41)
FN:300,(anonymous_42)
FN:309,(anonymous_43)
FN:315,(anonymous_44)
FN:321,(anonymous_45)
FN:331,(anonymous_46)
FN:340,(anonymous_47)
FN:346,(anonymous_48)
FN:356,(anonymous_49)
FN:362,(anonymous_50)
FN:368,(anonymous_51)
FN:374,(anonymous_52)
FN:380,(anonymous_53)
FN:386,(anonymous_54)
FN:392,(anonymous_55)
FN:402,(anonymous_56)
FN:408,(anonymous_57)
FN:414,(anonymous_58)
FN:420,(anonymous_59)
FN:426,(anonymous_60)
FN:432,(anonymous_61)
FN:438,(anonymous_62)
FN:448,(anonymous_63)
FN:454,(anonymous_64)
FN:460,(anonymous_65)
FN:466,(anonymous_66)
FN:472,(anonymous_67)
FN:482,(anonymous_68)
FN:488,(anonymous_69)
FN:494,(anonymous_70)
FN:500,(anonymous_71)
FN:506,(anonymous_72)
FNF:73
FNH:0
FNDA:0,test
FNDA:0,fileExists
FNDA:0,fileContains
FNDA:0,fileContainsAll
FNDA:0,(anonymous_4)
FNDA:0,(anonymous_5)
FNDA:0,(anonymous_6)
FNDA:0,(anonymous_7)
FNDA:0,(anonymous_8)
FNDA:0,(anonymous_9)
FNDA:0,(anonymous_10)
FNDA:0,(anonymous_11)
FNDA:0,(anonymous_12)
FNDA:0,(anonymous_13)
FNDA:0,(anonymous_14)
FNDA:0,(anonymous_15)
FNDA:0,(anonymous_16)
FNDA:0,(anonymous_17)
FNDA:0,(anonymous_18)
FNDA:0,(anonymous_19)
FNDA:0,(anonymous_20)
FNDA:0,(anonymous_21)
FNDA:0,(anonymous_22)
FNDA:0,(anonymous_23)
FNDA:0,(anonymous_24)
FNDA:0,(anonymous_25)
FNDA:0,(anonymous_26)
FNDA:0,(anonymous_27)
FNDA:0,(anonymous_28)
FNDA:0,(anonymous_29)
FNDA:0,(anonymous_30)
FNDA:0,(anonymous_31)
FNDA:0,(anonymous_32)
FNDA:0,(anonymous_33)
FNDA:0,(anonymous_34)
FNDA:0,(anonymous_35)
FNDA:0,(anonymous_36)
FNDA:0,(anonymous_37)
FNDA:0,(anonymous_38)
FNDA:0,(anonymous_39)
FNDA:0,(anonymous_40)
FNDA:0,(anonymous_41)
FNDA:0,(anonymous_42)
FNDA:0,(anonymous_43)
FNDA:0,(anonymous_44)
FNDA:0,(anonymous_45)
FNDA:0,(anonymous_46)
FNDA:0,(anonymous_47)
FNDA:0,(anonymous_48)
FNDA:0,(anonymous_49)
FNDA:0,(anonymous_50)
FNDA:0,(anonymous_51)
FNDA:0,(anonymous_52)
FNDA:0,(anonymous_53)
FNDA:0,(anonymous_54)
FNDA:0,(anonymous_55)
FNDA:0,(anonymous_56)
FNDA:0,(anonymous_57)
FNDA:0,(anonymous_58)
FNDA:0,(anonymous_59)
FNDA:0,(anonymous_60)
FNDA:0,(anonymous_61)
FNDA:0,(anonymous_62)
FNDA:0,(anonymous_63)
FNDA:0,(anonymous_64)
FNDA:0,(anonymous_65)
FNDA:0,(anonymous_66)
FNDA:0,(anonymous_67)
FNDA:0,(anonymous_68)
FNDA:0,(anonymous_69)
FNDA:0,(anonymous_70)
FNDA:0,(anonymous_71)
FNDA:0,(anonymous_72)
DA:11,0
DA:12,0
DA:14,0
DA:15,0
DA:17,0
DA:18,0
DA:21,0
DA:22,0
DA:23,0
DA:24,0
DA:26,0
DA:27,0
DA:28,0
DA:33,0
DA:37,0
DA:38,0
DA:42,0
DA:43,0
DA:47,0
DA:48,0
DA:50,0
DA:51,0
DA:52,0
DA:56,0
DA:57,0
DA:58,0
DA:62,0
DA:63,0
DA:64,0
DA:68,0
DA:69,0
DA:70,0
DA:74,0
DA:75,0
DA:76,0
DA:80,0
DA:81,0
DA:82,0
DA:87,0
DA:88,0
DA:90,0
DA:91,0
DA:92,0
DA:96,0
DA:97,0
DA:98,0
DA:102,0
DA:103,0
DA:104,0
DA:108,0
DA:109,0
DA:110,0
DA:114,0
DA:115,0
DA:116,0
DA:120,0
DA:121,0
DA:122,0
DA:127,0
DA:128,0
DA:130,0
DA:131,0
DA:132,0
DA:136,0
DA:137,0
DA:138,0
DA:142,0
DA:143,0
DA:144,0
DA:148,0
DA:149,0
DA:150,0
DA:154,0
DA:155,0
DA:156,0
DA:160,0
DA:161,0
DA:162,0
DA:166,0
DA:167,0
DA:168,0
DA:173,0
DA:174,0
DA:176,0
DA:177,0
DA:178,0
DA:182,0
DA:183,0
DA:184,0
DA:188,0
DA:189,0
DA:190,0
DA:194,0
DA:195,0
DA:196,0
DA:200,0
DA:201,0
DA:202,0
DA:207,0
DA:208,0
DA:210,0
DA:211,0
DA:212,0
DA:216,0
DA:217,0
DA:218,0
DA:222,0
DA:223,0
DA:224,0
DA:228,0
DA:229,0
DA:230,0
DA:234,0
DA:235,0
DA:236,0
DA:241,0
DA:242,0
DA:244,0
DA:245,0
DA:246,0
DA:250,0
DA:251,0
DA:252,0
DA:256,0
DA:257,0
DA:258,0
DA:262,0
DA:263,0
DA:264,0
DA:269,0
DA:270,0
DA:272,0
DA:273,0
DA:274,0
DA:278,0
DA:279,0
DA:280,0
DA:284,0
DA:285,0
DA:286,0
DA:290,0
DA:291,0
DA:292,0
DA:297,0
DA:298,0
DA:300,0
DA:301,0
DA:302,0
DA:304,0
DA:305,0
DA:309,0
DA:310,0
DA:311,0
DA:315,0
DA:316,0
DA:317,0
DA:321,0
DA:322,0
DA:323,0
DA:328,0
DA:329,0
DA:331,0
DA:332,0
DA:333,0
DA:335,0
DA:336,0
DA:340,0
DA:341,0
DA:342,0
DA:346,0
DA:347,0
DA:348,0
DA:353,0
DA:354,0
DA:356,0
DA:357,0
DA:358,0
DA:362,0
DA:363,0
DA:364,0
DA:368,0
DA:369,0
DA:370,0
DA:374,0
DA:375,0
DA:376,0
DA:380,0
DA:381,0
DA:382,0
DA:386,0
DA:387,0
DA:388,0
DA:392,0
DA:393,0
DA:394,0
DA:399,0
DA:400,0
DA:402,0
DA:403,0
DA:404,0
DA:408,0
DA:409,0
DA:410,0
DA:414,0
DA:415,0
DA:416,0
DA:420,0
DA:421,0
DA:422,0
DA:426,0
DA:427,0
DA:428,0
DA:432,0
DA:433,0
DA:434,0
DA:438,0
DA:439,0
DA:440,0
DA:445,0
DA:446,0
DA:448,0
DA:449,0
DA:450,0
DA:454,0
DA:455,0
DA:456,0
DA:460,0
DA:461,0
DA:462,0
DA:466,0
DA:467,0
DA:468,0
DA:472,0
DA:473,0
DA:474,0
DA:479,0
DA:480,0
DA:482,0
DA:483,0
DA:484,0
DA:488,0
DA:489,0
DA:490,0
DA:494,0
DA:495,0
DA:496,0
DA:500,0
DA:501,0
DA:502,0
DA:506,0
DA:507,0
DA:508,0
DA:513,0
DA:514,0
DA:515,0
DA:516,0
DA:517,0
DA:518,0
DA:519,0
DA:521,0
DA:522,0
DA:523,0
DA:524,0
DA:525,0
DA:526,0
DA:527,0
DA:528,0
DA:529,0
DA:530,0
DA:531,0
DA:532,0
DA:534,0
DA:535,0
LF:273
LH:0
BRDA:51,0,0,0
BRDA:51,0,1,0
BRDA:57,1,0,0
BRDA:57,1,1,0
BRDA:63,2,0,0
BRDA:63,2,1,0
BRDA:69,3,0,0
BRDA:69,3,1,0
BRDA:75,4,0,0
BRDA:75,4,1,0
BRDA:81,5,0,0
BRDA:81,5,1,0
BRDA:91,6,0,0
BRDA:91,6,1,0
BRDA:97,7,0,0
BRDA:97,7,1,0
BRDA:103,8,0,0
BRDA:103,8,1,0
BRDA:109,9,0,0
BRDA:109,9,1,0
BRDA:115,10,0,0
BRDA:115,10,1,0
BRDA:121,11,0,0
BRDA:121,11,1,0
BRDA:131,12,0,0
BRDA:131,12,1,0
BRDA:137,13,0,0
BRDA:137,13,1,0
BRDA:143,14,0,0
BRDA:143,14,1,0
BRDA:149,15,0,0
BRDA:149,15,1,0
BRDA:155,16,0,0
BRDA:155,16,1,0
BRDA:161,17,0,0
BRDA:161,17,1,0
BRDA:167,18,0,0
BRDA:167,18,1,0
BRDA:177,19,0,0
BRDA:177,19,1,0
BRDA:183,20,0,0
BRDA:183,20,1,0
BRDA:189,21,0,0
BRDA:189,21,1,0
BRDA:195,22,0,0
BRDA:195,22,1,0
BRDA:201,23,0,0
BRDA:201,23,1,0
BRDA:211,24,0,0
BRDA:211,24,1,0
BRDA:217,25,0,0
BRDA:217,25,1,0
BRDA:223,26,0,0
BRDA:223,26,1,0
BRDA:229,27,0,0
BRDA:229,27,1,0
BRDA:235,28,0,0
BRDA:235,28,1,0
BRDA:245,29,0,0
BRDA:245,29,1,0
BRDA:251,30,0,0
BRDA:251,30,1,0
BRDA:257,31,0,0
BRDA:257,31,1,0
BRDA:263,32,0,0
BRDA:263,32,1,0
BRDA:273,33,0,0
BRDA:273,33,1,0
BRDA:279,34,0,0
BRDA:279,34,1,0
BRDA:285,35,0,0
BRDA:285,35,1,0
BRDA:291,36,0,0
BRDA:291,36,1,0
BRDA:301,37,0,0
BRDA:301,37,1,0
BRDA:304,38,0,0
BRDA:304,38,1,0
BRDA:310,39,0,0
BRDA:310,39,1,0
BRDA:316,40,0,0
BRDA:316,40,1,0
BRDA:322,41,0,0
BRDA:322,41,1,0
BRDA:332,42,0,0
BRDA:332,42,1,0
BRDA:335,43,0,0
BRDA:335,43,1,0
BRDA:341,44,0,0
BRDA:341,44,1,0
BRDA:347,45,0,0
BRDA:347,45,1,0
BRDA:357,46,0,0
BRDA:357,46,1,0
BRDA:363,47,0,0
BRDA:363,47,1,0
BRDA:369,48,0,0
BRDA:369,48,1,0
BRDA:375,49,0,0
BRDA:375,49,1,0
BRDA:381,50,0,0
BRDA:381,50,1,0
BRDA:387,51,0,0
BRDA:387,51,1,0
BRDA:393,52,0,0
BRDA:393,52,1,0
BRDA:403,53,0,0
BRDA:403,53,1,0
BRDA:409,54,0,0
BRDA:409,54,1,0
BRDA:415,55,0,0
BRDA:415,55,1,0
BRDA:421,56,0,0
BRDA:421,56,1,0
BRDA:427,57,0,0
BRDA:427,57,1,0
BRDA:433,58,0,0
BRDA:433,58,1,0
BRDA:439,59,0,0
BRDA:439,59,1,0
BRDA:449,60,0,0
BRDA:449,60,1,0
BRDA:455,61,0,0
BRDA:455,61,1,0
BRDA:461,62,0,0
BRDA:461,62,1,0
BRDA:467,63,0,0
BRDA:467,63,1,0
BRDA:473,64,0,0
BRDA:473,64,1,0
BRDA:483,65,0,0
BRDA:483,65,1,0
BRDA:489,66,0,0
BRDA:489,66,1,0
BRDA:495,67,0,0
BRDA:495,67,1,0
BRDA:501,68,0,0
BRDA:501,68,1,0
BRDA:507,69,0,0
BRDA:507,69,1,0
BRDA:521,70,0,0
BRDA:521,70,1,0
BRF:142
BRH:0
end_of_record
TN:
SF:tests\unit\test-wifi-config-step.js
FN:47,log
FN:51,logSection
FN:57,logTest
FN:61,logSuccess
FN:65,logError
FN:69,logWarning
FN:77,testWiFiConfigSave
FN:133,testWiFiConfigMerge
FN:203,testConnectionStatusCheck
FN:253,testWiFiValidation
FN:301,testErrorHandling
FN:333,cleanup
FN:356,runTests
FN:401,(anonymous_13)
FNF:14
FNH:0
FNDA:0,log
FNDA:0,logSection
FNDA:0,logTest
FNDA:0,logSuccess
FNDA:0,logError
FNDA:0,logWarning
FNDA:0,testWiFiConfigSave
FNDA:0,testWiFiConfigMerge
FNDA:0,testConnectionStatusCheck
FNDA:0,testWiFiValidation
FNDA:0,testErrorHandling
FNDA:0,cleanup
FNDA:0,runTests
FNDA:0,(anonymous_13)
DA:13,0
DA:14,0
DA:15,0
DA:18,0
DA:30,0
DA:31,0
DA:32,0
DA:35,0
DA:38,0
DA:48,0
DA:52,0
DA:53,0
DA:54,0
DA:58,0
DA:62,0
DA:66,0
DA:70,0
DA:78,0
DA:80,0
DA:81,0
DA:89,0
DA:90,0
DA:92,0
DA:95,0
DA:96,0
DA:97,0
DA:99,0
DA:100,0
DA:102,0
DA:105,0
DA:106,0
DA:108,0
DA:111,0
DA:112,0
DA:114,0
DA:117,0
DA:118,0
DA:120,0
DA:121,0
DA:124,0
DA:125,0
DA:134,0
DA:136,0
DA:138,0
DA:145,0
DA:146,0
DA:148,0
DA:151,0
DA:152,0
DA:155,0
DA:162,0
DA:167,0
DA:170,0
DA:171,0
DA:173,0
DA:174,0
DA:176,0
DA:179,0
DA:180,0
DA:182,0
DA:185,0
DA:186,0
DA:188,0
DA:191,0
DA:192,0
DA:194,0
DA:195,0
DA:204,0
DA:206,0
DA:208,0
DA:215,0
DA:216,0
DA:218,0
DA:221,0
DA:222,0
DA:223,0
DA:225,0
DA:226,0
DA:228,0
DA:231,0
DA:232,0
DA:234,0
DA:237,0
DA:238,0
DA:240,0
DA:241,0
DA:244,0
DA:245,0
DA:254,0
DA:256,0
DA:258,0
DA:259,0
DA:261,0
DA:262,0
DA:264,0
DA:267,0
DA:268,0
DA:270,0
DA:274,0
DA:275,0
DA:277,0
DA:278,0
DA:280,0
DA:283,0
DA:284,0
DA:286,0
DA:289,0
DA:290,0
DA:292,0
DA:293,0
DA:302,0
DA:304,0
DA:306,0
DA:308,0
DA:309,0
DA:310,0
DA:311,0
DA:313,0
DA:317,0
DA:320,0
DA:322,0
DA:323,0
DA:325,0
DA:326,0
DA:334,0
DA:336,0
DA:338,0
DA:339,0
DA:340,0
DA:343,0
DA:344,0
DA:345,0
DA:347,0
DA:349,0
DA:357,0
DA:358,0
DA:360,0
DA:367,0
DA:368,0
DA:370,0
DA:371,0
DA:373,0
DA:374,0
DA:376,0
DA:377,0
DA:379,0
DA:380,0
DA:383,0
DA:386,0
DA:387,0
DA:388,0
DA:389,0
DA:391,0
DA:392,0
DA:393,0
DA:395,0
DA:396,0
DA:401,0
DA:402,0
DA:403,0
DA:404,0
LF:161
LH:0
BRDA:25,0,0,0
BRDA:25,0,1,0
BRDA:47,1,0,0
BRDA:96,2,0,0
BRDA:96,2,1,0
BRDA:99,3,0,0
BRDA:99,3,1,0
BRDA:105,4,0,0
BRDA:105,4,1,0
BRDA:111,5,0,0
BRDA:111,5,1,0
BRDA:152,6,0,0
BRDA:152,6,1,0
BRDA:173,7,0,0
BRDA:173,7,1,0
BRDA:179,8,0,0
BRDA:179,8,1,0
BRDA:185,9,0,0
BRDA:185,9,1,0
BRDA:222,10,0,0
BRDA:222,10,1,0
BRDA:225,11,0,0
BRDA:225,11,1,0
BRDA:231,12,0,0
BRDA:231,12,1,0
BRDA:261,13,0,0
BRDA:261,13,1,0
BRDA:267,14,0,0
BRDA:267,14,1,0
BRDA:277,15,0,0
BRDA:277,15,1,0
BRDA:283,16,0,0
BRDA:283,16,1,0
BRDA:367,17,0,0
BRDA:367,17,1,0
BRDA:370,18,0,0
BRDA:370,18,1,0
BRDA:373,19,0,0
BRDA:373,19,1,0
BRDA:376,20,0,0
BRDA:376,20,1,0
BRDA:379,21,0,0
BRDA:379,21,1,0
BRDA:389,22,0,0
BRDA:389,22,1,0
BRDA:391,23,0,0
BRDA:391,23,1,0
BRF:47
BRH:0
end_of_record
TN:
SF:tests\unit\test-wizard-container-navigation.js
FN:29,test
FN:43,assert
FN:49,fileExists
FN:53,readFile
FN:57,containsPattern
FN:68,(anonymous_5)
FN:75,(anonymous_6)
FN:84,(anonymous_7)
FN:94,(anonymous_8)
FN:109,(anonymous_9)
FN:116,(anonymous_10)
FN:123,(anonymous_11)
FN:131,(anonymous_12)
FN:146,(anonymous_13)
FN:153,(anonymous_14)
FN:162,(anonymous_15)
FN:169,(anonymous_16)
FN:177,(anonymous_17)
FN:184,(anonymous_18)
FN:190,(anonymous_19)
FN:205,(anonymous_20)
FN:212,(anonymous_21)
FN:219,(anonymous_22)
FN:225,(anonymous_23)
FN:230,(anonymous_24)
FN:235,(anonymous_25)
FN:242,(anonymous_26)
FN:251,(anonymous_27)
FN:259,(anonymous_28)
FN:274,(anonymous_29)
FN:281,(anonymous_30)
FN:289,(anonymous_31)
FN:296,(anonymous_32)
FN:304,(anonymous_33)
FN:310,(anonymous_34)
FN:317,(anonymous_35)
FN:325,(anonymous_36)
FN:334,(anonymous_37)
FN:348,(anonymous_38)
FN:355,(anonymous_39)
FN:363,(anonymous_40)
FN:370,(anonymous_41)
FN:376,(anonymous_42)
FN:383,(anonymous_43)
FN:390,(anonymous_44)
FN:397,(anonymous_45)
FN:403,(anonymous_46)
FN:419,(anonymous_47)
FN:426,(anonymous_48)
FN:434,(anonymous_49)
FN:440,(anonymous_50)
FN:447,(anonymous_51)
FN:454,(anonymous_52)
FN:479,(anonymous_53)
FN:480,(anonymous_54)
FNF:55
FNH:0
FNDA:0,test
FNDA:0,assert
FNDA:0,fileExists
FNDA:0,readFile
FNDA:0,containsPattern
FNDA:0,(anonymous_5)
FNDA:0,(anonymous_6)
FNDA:0,(anonymous_7)
FNDA:0,(anonymous_8)
FNDA:0,(anonymous_9)
FNDA:0,(anonymous_10)
FNDA:0,(anonymous_11)
FNDA:0,(anonymous_12)
FNDA:0,(anonymous_13)
FNDA:0,(anonymous_14)
FNDA:0,(anonymous_15)
FNDA:0,(anonymous_16)
FNDA:0,(anonymous_17)
FNDA:0,(anonymous_18)
FNDA:0,(anonymous_19)
FNDA:0,(anonymous_20)
FNDA:0,(anonymous_21)
FNDA:0,(anonymous_22)
FNDA:0,(anonymous_23)
FNDA:0,(anonymous_24)
FNDA:0,(anonymous_25)
FNDA:0,(anonymous_26)
FNDA:0,(anonymous_27)
FNDA:0,(anonymous_28)
FNDA:0,(anonymous_29)
FNDA:0,(anonymous_30)
FNDA:0,(anonymous_31)
FNDA:0,(anonymous_32)
FNDA:0,(anonymous_33)
FNDA:0,(anonymous_34)
FNDA:0,(anonymous_35)
FNDA:0,(anonymous_36)
FNDA:0,(anonymous_37)
FNDA:0,(anonymous_38)
FNDA:0,(anonymous_39)
FNDA:0,(anonymous_40)
FNDA:0,(anonymous_41)
FNDA:0,(anonymous_42)
FNDA:0,(anonymous_43)
FNDA:0,(anonymous_44)
FNDA:0,(anonymous_45)
FNDA:0,(anonymous_46)
FNDA:0,(anonymous_47)
FNDA:0,(anonymous_48)
FNDA:0,(anonymous_49)
FNDA:0,(anonymous_50)
FNDA:0,(anonymous_51)
FNDA:0,(anonymous_52)
FNDA:0,(anonymous_53)
FNDA:0,(anonymous_54)
DA:14,0
DA:15,0
DA:17,0
DA:18,0
DA:19,0
DA:20,0
DA:23,0
DA:30,0
DA:31,0
DA:32,0
DA:33,0
DA:34,0
DA:36,0
DA:37,0
DA:38,0
DA:39,0
DA:44,0
DA:45,0
DA:50,0
DA:54,0
DA:58,0
DA:59,0
DA:65,0
DA:66,0
DA:68,0
DA:69,0
DA:75,0
DA:76,0
DA:77,0
DA:78,0
DA:79,0
DA:80,0
DA:81,0
DA:84,0
DA:85,0
DA:86,0
DA:87,0
DA:88,0
DA:89,0
DA:90,0
DA:91,0
DA:94,0
DA:95,0
DA:96,0
DA:97,0
DA:98,0
DA:99,0
DA:100,0
DA:101,0
DA:102,0
DA:103,0
DA:104,0
DA:105,0
DA:106,0
DA:109,0
DA:110,0
DA:111,0
DA:112,0
DA:113,0
DA:116,0
DA:117,0
DA:118,0
DA:119,0
DA:120,0
DA:123,0
DA:124,0
DA:125,0
DA:126,0
DA:127,0
DA:128,0
DA:131,0
DA:132,0
DA:133,0
DA:134,0
DA:135,0
DA:138,0
DA:143,0
DA:144,0
DA:146,0
DA:147,0
DA:153,0
DA:154,0
DA:155,0
DA:156,0
DA:157,0
DA:158,0
DA:159,0
DA:162,0
DA:163,0
DA:164,0
DA:165,0
DA:166,0
DA:169,0
DA:170,0
DA:171,0
DA:172,0
DA:173,0
DA:174,0
DA:177,0
DA:178,0
DA:179,0
DA:180,0
DA:181,0
DA:184,0
DA:185,0
DA:186,0
DA:187,0
DA:190,0
DA:191,0
DA:192,0
DA:193,0
DA:194,0
DA:197,0
DA:202,0
DA:203,0
DA:205,0
DA:206,0
DA:207,0
DA:208,0
DA:209,0
DA:212,0
DA:213,0
DA:214,0
DA:215,0
DA:216,0
DA:219,0
DA:220,0
DA:221,0
DA:222,0
DA:225,0
DA:226,0
DA:227,0
DA:230,0
DA:231,0
DA:232,0
DA:235,0
DA:236,0
DA:237,0
DA:238,0
DA:239,0
DA:242,0
DA:243,0
DA:244,0
DA:245,0
DA:246,0
DA:247,0
DA:248,0
DA:251,0
DA:252,0
DA:253,0
DA:254,0
DA:255,0
DA:256,0
DA:259,0
DA:260,0
DA:261,0
DA:262,0
DA:263,0
DA:266,0
DA:271,0
DA:272,0
DA:274,0
DA:275,0
DA:281,0
DA:282,0
DA:283,0
DA:284,0
DA:285,0
DA:286,0
DA:289,0
DA:290,0
DA:291,0
DA:292,0
DA:293,0
DA:296,0
DA:297,0
DA:298,0
DA:299,0
DA:300,0
DA:301,0
DA:304,0
DA:305,0
DA:306,0
DA:307,0
DA:310,0
DA:311,0
DA:312,0
DA:313,0
DA:314,0
DA:317,0
DA:318,0
DA:319,0
DA:320,0
DA:321,0
DA:322,0
DA:325,0
DA:326,0
DA:327,0
DA:328,0
DA:329,0
DA:330,0
DA:331,0
DA:334,0
DA:335,0
DA:336,0
DA:337,0
DA:340,0
DA:345,0
DA:346,0
DA:348,0
DA:349,0
DA:355,0
DA:356,0
DA:357,0
DA:358,0
DA:359,0
DA:360,0
DA:363,0
DA:364,0
DA:365,0
DA:366,0
DA:367,0
DA:370,0
DA:371,0
DA:372,0
DA:373,0
DA:376,0
DA:377,0
DA:378,0
DA:379,0
DA:380,0
DA:383,0
DA:384,0
DA:385,0
DA:386,0
DA:387,0
DA:390,0
DA:391,0
DA:392,0
DA:393,0
DA:394,0
DA:397,0
DA:398,0
DA:399,0
DA:400,0
DA:403,0
DA:404,0
DA:405,0
DA:406,0
DA:407,0
DA:408,0
DA:411,0
DA:416,0
DA:417,0
DA:419,0
DA:420,0
DA:421,0
DA:422,0
DA:423,0
DA:426,0
DA:427,0
DA:428,0
DA:429,0
DA:430,0
DA:431,0
DA:434,0
DA:435,0
DA:436,0
DA:437,0
DA:440,0
DA:441,0
DA:442,0
DA:443,0
DA:444,0
DA:447,0
DA:448,0
DA:449,0
DA:450,0
DA:451,0
DA:454,0
DA:455,0
DA:456,0
DA:457,0
DA:458,0
DA:459,0
DA:460,0
DA:463,0
DA:468,0
DA:469,0
DA:470,0
DA:471,0
DA:472,0
DA:473,0
DA:474,0
DA:476,0
DA:477,0
DA:478,0
DA:479,0
DA:481,0
DA:482,0
DA:484,0
DA:485,0
DA:487,0
DA:488,0
DA:489,0
DA:490,0
DA:491,0
DA:492,0
DA:493,0
DA:494,0
DA:495,0
DA:496,0
DA:497,0
DA:498,0
DA:499,0
DA:500,0
DA:501,0
DA:502,0
DA:503,0
LF:319
LH:0
BRDA:44,0,0,0
BRDA:44,0,1,0
BRDA:476,1,0,0
BRDA:476,1,1,0
BRF:4
BRH:0
end_of_record
TN:
SF:tests\unit\test-wizard-performance.js
FN:20,addResult
FN:35,(anonymous_1)
FN:149,(anonymous_2)
FN:155,(anonymous_3)
FN:161,(anonymous_4)
FNF:5
FNH:0
FNDA:0,addResult
FNDA:0,(anonymous_1)
FNDA:0,(anonymous_2)
FNDA:0,(anonymous_3)
FNDA:0,(anonymous_4)
DA:8,0
DA:9,0
DA:11,0
DA:14,0
DA:21,0
DA:25,0
DA:27,0
DA:33,0
DA:35,0
DA:36,0
DA:38,0
DA:39,0
DA:40,0
DA:43,0
DA:44,0
DA:46,0
DA:49,0
DA:50,0
DA:51,0
DA:52,0
DA:54,0
DA:55,0
DA:59,0
DA:60,0
DA:61,0
DA:62,0
DA:64,0
DA:65,0
DA:69,0
DA:70,0
DA:71,0
DA:72,0
DA:74,0
DA:75,0
DA:79,0
DA:80,0
DA:81,0
DA:82,0
DA:84,0
DA:88,0
DA:89,0
DA:90,0
DA:91,0
DA:93,0
DA:94,0
DA:98,0
DA:99,0
DA:100,0
DA:101,0
DA:105,0
DA:106,0
DA:107,0
DA:111,0
DA:113,0
DA:114,0
DA:115,0
DA:117,0
DA:118,0
DA:119,0
DA:121,0
DA:122,0
DA:123,0
DA:125,0
DA:126,0
DA:127,0
DA:129,0
DA:130,0
DA:131,0
DA:134,0
DA:135,0
DA:139,0
DA:140,0
DA:141,0
DA:143,0
DA:144,0
DA:145,0
DA:147,0
DA:148,0
DA:149,0
DA:150,0
DA:153,0
DA:154,0
DA:155,0
DA:156,0
DA:159,0
DA:160,0
DA:161,0
DA:162,0
DA:166,0
DA:168,0
DA:169,0
DA:170,0
DA:171,0
DA:172,0
DA:173,0
DA:174,0
DA:176,0
DA:177,0
DA:180,0
DA:183,0
LF:100
LH:0
BRDA:38,0,0,0
BRDA:38,0,1,0
BRDA:50,1,0,0
BRDA:50,1,1,0
BRDA:59,2,0,0
BRDA:59,2,1,0
BRDA:60,3,0,0
BRDA:60,3,1,0
BRDA:69,4,0,0
BRDA:69,4,1,0
BRDA:70,5,0,0
BRDA:70,5,1,0
BRDA:80,6,0,0
BRDA:80,6,1,0
BRDA:88,7,0,0
BRDA:88,7,1,0
BRDA:89,8,0,0
BRDA:89,8,1,0
BRDA:98,9,0,0
BRDA:98,9,1,0
BRDA:99,10,0,0
BRDA:99,10,1,0
BRDA:105,11,0,0
BRDA:105,11,1,0
BRDA:106,12,0,0
BRDA:106,12,1,0
BRDA:114,13,0,0
BRDA:114,13,1,0
BRDA:121,14,0,0
BRDA:121,14,1,0
BRDA:125,15,0,0
BRDA:125,15,1,0
BRDA:129,16,0,0
BRDA:129,16,1,0
BRDA:147,17,0,0
BRDA:147,17,1,0
BRDA:153,18,0,0
BRDA:153,18,1,0
BRDA:159,19,0,0
BRDA:159,19,1,0
BRDA:168,20,0,0
BRDA:168,20,1,0
BRDA:183,21,0,0
BRDA:183,21,1,0
BRF:44
BRH:0
end_of_record
TN:
SF:tests\unit\test-wizard-persistence.js
FN:23,log
FN:27,assert
FN:38,readFile
FN:46,fileExists
FNF:4
FNH:0
FNDA:0,log
FNDA:0,assert
FNDA:0,readFile
FNDA:0,fileExists
DA:10,0
DA:11,0
DA:14,0
DA:15,0
DA:16,0
DA:17,0
DA:18,0
DA:20,0
DA:21,0
DA:24,0
DA:28,0
DA:29,0
DA:30,0
DA:32,0
DA:33,0
DA:34,0
DA:39,0
DA:40,0
DA:42,0
DA:47,0
DA:51,0
DA:52,0
DA:53,0
DA:58,0
DA:59,0
DA:64,0
DA:69,0
DA:74,0
DA:79,0
DA:84,0
DA:89,0
DA:94,0
DA:99,0
DA:104,0
DA:109,0
DA:114,0
DA:120,0
DA:121,0
DA:122,0
DA:124,0
DA:129,0
DA:134,0
DA:139,0
DA:144,0
DA:149,0
DA:154,0
DA:160,0
DA:161,0
DA:162,0
DA:167,0
DA:168,0
DA:173,0
DA:178,0
DA:183,0
DA:188,0
DA:193,0
DA:198,0
DA:203,0
DA:208,0
DA:214,0
DA:215,0
DA:216,0
DA:218,0
DA:223,0
DA:228,0
DA:233,0
DA:238,0
DA:243,0
DA:248,0
DA:253,0
DA:258,0
DA:263,0
DA:268,0
DA:274,0
DA:275,0
DA:280,0
DA:286,0
DA:287,0
DA:292,0
DA:297,0
DA:302,0
DA:308,0
DA:309,0
DA:314,0
DA:320,0
DA:321,0
DA:326,0
DA:331,0
DA:336,0
DA:342,0
DA:343,0
DA:348,0
DA:353,0
DA:359,0
DA:360,0
DA:365,0
DA:370,0
DA:376,0
DA:377,0
DA:382,0
DA:387,0
DA:393,0
DA:394,0
DA:400,0
DA:406,0
DA:413,0
DA:414,0
DA:419,0
DA:424,0
DA:430,0
DA:431,0
DA:432,0
DA:433,0
DA:434,0
DA:436,0
DA:437,0
DA:438,0
DA:439,0
DA:440,0
DA:441,0
DA:442,0
DA:443,0
DA:444,0
DA:445,0
DA:446,0
DA:447,0
DA:449,0
DA:450,0
LF:128
LH:0
BRDA:23,0,0,0
BRDA:28,1,0,0
BRDA:28,1,1,0
BRDA:322,2,0,0
BRDA:322,2,1,0
BRDA:332,3,0,0
BRDA:332,3,1,0
BRDA:337,4,0,0
BRDA:337,4,1,0
BRDA:344,5,0,0
BRDA:344,5,1,0
BRDA:395,6,0,0
BRDA:395,6,1,0
BRDA:401,7,0,0
BRDA:401,7,1,0
BRDA:407,8,0,0
BRDA:407,8,1,0
BRDA:434,9,0,0
BRDA:434,9,1,0
BRDA:436,10,0,0
BRDA:436,10,1,0
BRF:21
BRH:0
end_of_record
